2020-05-28 23:35:12.380  INFO 11184 --- [restartedMain] c.j.petclinic.PetClinicApplication       : Starting PetClinicApplication on TCNTSCONS0026 with PID 11184 (C:\Documents and Settings\EXT02D17073\Documents\workspace-spring-tool-suite-4-4.6.0.RELEASE\petclinic\target\classes started by EXT02D17073 in C:\Documents and Settings\EXT02D17073\Documents\workspace-spring-tool-suite-4-4.6.0.RELEASE\petclinic)
2020-05-28 23:35:12.412  INFO 11184 --- [restartedMain] c.j.petclinic.PetClinicApplication       : No active profile set, falling back to default profiles: default
2020-05-28 23:35:12.615  INFO 11184 --- [restartedMain] .e.DevToolsPropertyDefaultsPostProcessor : Devtools property defaults active! Set 'spring.devtools.add-properties' to 'false' to disable
2020-05-28 23:35:12.615  INFO 11184 --- [restartedMain] .e.DevToolsPropertyDefaultsPostProcessor : For additional web related logging consider setting the 'logging.level.web' property to 'DEBUG'
2020-05-28 23:35:15.042  INFO 11184 --- [restartedMain] .s.d.r.c.RepositoryConfigurationDelegate : Bootstrapping Spring Data JPA repositories in DEFAULT mode.
2020-05-28 23:35:15.230  INFO 11184 --- [restartedMain] .s.d.r.c.RepositoryConfigurationDelegate : Finished Spring Data repository scanning in 172ms. Found 1 JPA repository interfaces.
2020-05-28 23:35:16.214  INFO 11184 --- [restartedMain] trationDelegate$BeanPostProcessorChecker : Bean 'org.springframework.security.access.expression.method.DefaultMethodSecurityExpressionHandler@76ef45de' of type [org.springframework.security.access.expression.method.DefaultMethodSecurityExpressionHandler] is not eligible for getting processed by all BeanPostProcessors (for example: not eligible for auto-proxying)
2020-05-28 23:35:16.230  INFO 11184 --- [restartedMain] trationDelegate$BeanPostProcessorChecker : Bean 'methodSecurityMetadataSource' of type [org.springframework.security.access.method.DelegatingMethodSecurityMetadataSource] is not eligible for getting processed by all BeanPostProcessors (for example: not eligible for auto-proxying)
2020-05-28 23:35:16.246  INFO 11184 --- [restartedMain] trationDelegate$BeanPostProcessorChecker : Bean 'org.springframework.hateoas.config.HateoasConfiguration' of type [org.springframework.hateoas.config.HateoasConfiguration$$EnhancerBySpringCGLIB$$351d6f3d] is not eligible for getting processed by all BeanPostProcessors (for example: not eligible for auto-proxying)
2020-05-28 23:35:16.949  INFO 11184 --- [restartedMain] o.s.b.w.embedded.tomcat.TomcatWebServer  : Tomcat initialized with port(s): 8080 (http)
2020-05-28 23:35:16.981  INFO 11184 --- [restartedMain] o.apache.catalina.core.StandardService   : Starting service [Tomcat]
2020-05-28 23:35:16.981  INFO 11184 --- [restartedMain] org.apache.catalina.core.StandardEngine  : Starting Servlet engine: [Apache Tomcat/9.0.34]
2020-05-28 23:35:17.543  INFO 11184 --- [restartedMain] org.apache.jasper.servlet.TldScanner     : At least one JAR was scanned for TLDs yet contained no TLDs. Enable debug logging for this logger for a complete list of JARs that were scanned but no TLDs were found in them. Skipping unneeded JARs during scanning can improve startup time and JSP compilation time.
2020-05-28 23:35:17.543  INFO 11184 --- [restartedMain] o.a.c.c.C.[Tomcat].[localhost].[/]       : Initializing Spring embedded WebApplicationContext
2020-05-28 23:35:17.543 DEBUG 11184 --- [restartedMain] o.s.web.context.ContextLoader            : Published root WebApplicationContext as ServletContext attribute with name [org.springframework.web.context.WebApplicationContext.ROOT]
2020-05-28 23:35:17.543  INFO 11184 --- [restartedMain] o.s.web.context.ContextLoader            : Root WebApplicationContext: initialization completed in 4928 ms
2020-05-28 23:35:18.684 DEBUG 11184 --- [restartedMain] o.s.jdbc.datasource.DataSourceUtils      : Fetching JDBC Connection from DataSource
2020-05-28 23:35:18.684  INFO 11184 --- [restartedMain] com.zaxxer.hikari.HikariDataSource       : HikariPool-1 - Starting...
2020-05-28 23:35:18.825  INFO 11184 --- [restartedMain] com.zaxxer.hikari.HikariDataSource       : HikariPool-1 - Start completed.
2020-05-28 23:35:18.840 DEBUG 11184 --- [restartedMain] o.s.jdbc.datasource.DataSourceUtils      : Fetching JDBC Connection from DataSource
2020-05-28 23:35:18.840 DEBUG 11184 --- [restartedMain] o.s.jdbc.datasource.init.ScriptUtils     : Executing SQL script from URL [file:/C:/Documents%20and%20Settings/EXT02D17073/Documents/workspace-spring-tool-suite-4-4.6.0.RELEASE/petclinic/target/classes/schema.sql]
2020-05-28 23:35:18.872 DEBUG 11184 --- [restartedMain] o.s.jdbc.datasource.init.ScriptUtils     : 0 returned as update count for SQL: create table users ( username varchar(128) not null primary key, password varchar(512) not null, enabled boolean not null )
2020-05-28 23:35:18.872 DEBUG 11184 --- [restartedMain] o.s.jdbc.datasource.init.ScriptUtils     : 0 returned as update count for SQL: create table authorities( username varchar(128) not null , authority varchar(128) not null )
2020-05-28 23:35:18.872 DEBUG 11184 --- [restartedMain] o.s.jdbc.datasource.init.ScriptUtils     : 0 returned as update count for SQL: create unique index idx_auth_username on authorities(username,authority)
2020-05-28 23:35:18.872 DEBUG 11184 --- [restartedMain] o.s.jdbc.datasource.init.ScriptUtils     : 0 returned as update count for SQL: create table public.t_owner( id bigint not null, first_name varchar(255) not null, last_name varchar(255) not null )
2020-05-28 23:35:18.872 DEBUG 11184 --- [restartedMain] o.s.jdbc.datasource.init.ScriptUtils     : 0 returned as update count for SQL: alter table public.t_owner add constraint public.constraint_1 primary key(id)
2020-05-28 23:35:18.872 DEBUG 11184 --- [restartedMain] o.s.jdbc.datasource.init.ScriptUtils     : 0 returned as update count for SQL: create table public.t_pet( id bigint not null, name varchar(255), birth_date date, owner_id bigint )
2020-05-28 23:35:18.872 DEBUG 11184 --- [restartedMain] o.s.jdbc.datasource.init.ScriptUtils     : 0 returned as update count for SQL: alter table public.t_pet add constraint public.constrain_2 primary key (id)
2020-05-28 23:35:18.872 DEBUG 11184 --- [restartedMain] o.s.jdbc.datasource.init.ScriptUtils     : 0 returned as update count for SQL: create table public.t_vet( id bigint not null, first_name varchar(255) not null, last_name varchar(255) not null )
2020-05-28 23:35:18.872 DEBUG 11184 --- [restartedMain] o.s.jdbc.datasource.init.ScriptUtils     : 0 returned as update count for SQL: alter table public.t_vet add constraint public.constraint_11 primary key(id)
2020-05-28 23:35:18.918 DEBUG 11184 --- [restartedMain] o.s.jdbc.datasource.init.ScriptUtils     : 0 returned as update count for SQL: alter table public.t_pet add constraint public.constrain_3 foreign key (owner_id) references public.t_owner(id)
2020-05-28 23:35:18.918 DEBUG 11184 --- [restartedMain] o.s.jdbc.datasource.init.ScriptUtils     : 0 returned as update count for SQL: create sequence public.petclinic_sequence start with 100
2020-05-28 23:35:18.918 DEBUG 11184 --- [restartedMain] o.s.jdbc.datasource.init.ScriptUtils     : Executed SQL script from URL [file:/C:/Documents%20and%20Settings/EXT02D17073/Documents/workspace-spring-tool-suite-4-4.6.0.RELEASE/petclinic/target/classes/schema.sql] in 78 ms.
2020-05-28 23:35:19.059  INFO 11184 --- [restartedMain] o.s.b.d.a.OptionalLiveReloadServer       : LiveReload server is running on port 35729
2020-05-28 23:35:19.059 DEBUG 11184 --- [restartedMain] o.s.jdbc.datasource.DataSourceUtils      : Fetching JDBC Connection from DataSource
2020-05-28 23:35:19.059 DEBUG 11184 --- [restartedMain] o.s.jdbc.datasource.DataSourceUtils      : Fetching JDBC Connection from DataSource
2020-05-28 23:35:19.059 DEBUG 11184 --- [restartedMain] o.s.jdbc.datasource.init.ScriptUtils     : Executing SQL script from URL [file:/C:/Documents%20and%20Settings/EXT02D17073/Documents/workspace-spring-tool-suite-4-4.6.0.RELEASE/petclinic/target/classes/data.sql]
2020-05-28 23:35:19.075 DEBUG 11184 --- [restartedMain] o.s.jdbc.datasource.init.ScriptUtils     : 1 returned as update count for SQL: insert into users values ('user1','{bcrypt}$2a$10$gmNIjZbJKSsBcX3kbc0Izudn7JY9tFmKeeBBJ6OSey.WvmPGkxYRm',true)
2020-05-28 23:35:19.075 DEBUG 11184 --- [restartedMain] o.s.jdbc.datasource.init.ScriptUtils     : 1 returned as update count for SQL: insert into users values ('user2','{bcrypt}$2a$10$5UERb4FzhGKY2wkXNR3zNu62GQ6tcjdCsVMdQSSyeeodeyOKrcida',true)
2020-05-28 23:35:19.075 DEBUG 11184 --- [restartedMain] o.s.jdbc.datasource.init.ScriptUtils     : 1 returned as update count for SQL: insert into users values ('user3','{bcrypt}$2a$10$3kkCLgYB8/bVhkmAT.e8bO1tTHE.btcUg/oreu9r8.oEa8QhZWLoK',true)
2020-05-28 23:35:19.075 DEBUG 11184 --- [restartedMain] o.s.jdbc.datasource.init.ScriptUtils     : 1 returned as update count for SQL: insert into authorities values ('user1','ROLE_USER')
2020-05-28 23:35:19.075 DEBUG 11184 --- [restartedMain] o.s.jdbc.datasource.init.ScriptUtils     : 1 returned as update count for SQL: insert into authorities values ('user2','ROLE_USER')
2020-05-28 23:35:19.075 DEBUG 11184 --- [restartedMain] o.s.jdbc.datasource.init.ScriptUtils     : 1 returned as update count for SQL: insert into authorities values ('user2','ROLE_EDITOR')
2020-05-28 23:35:19.075 DEBUG 11184 --- [restartedMain] o.s.jdbc.datasource.init.ScriptUtils     : 1 returned as update count for SQL: insert into authorities values ('user3','ROLE_USER')
2020-05-28 23:35:19.075 DEBUG 11184 --- [restartedMain] o.s.jdbc.datasource.init.ScriptUtils     : 1 returned as update count for SQL: insert into authorities values ('user3','ROLE_EDITOR')
2020-05-28 23:35:19.075 DEBUG 11184 --- [restartedMain] o.s.jdbc.datasource.init.ScriptUtils     : 1 returned as update count for SQL: insert into authorities values ('user3','ROLE_ADMIN')
2020-05-28 23:35:19.075 DEBUG 11184 --- [restartedMain] o.s.jdbc.datasource.init.ScriptUtils     : 1 returned as update count for SQL: insert into t_owner(id,first_name,last_name) values (1,'Ahmet','Gürbüz')
2020-05-28 23:35:19.075 DEBUG 11184 --- [restartedMain] o.s.jdbc.datasource.init.ScriptUtils     : 1 returned as update count for SQL: INSERT INTO t_owner (id,first_name,last_name) VALUES (2, 'Beşir', 'Dal')
2020-05-28 23:35:19.075 DEBUG 11184 --- [restartedMain] o.s.jdbc.datasource.init.ScriptUtils     : 1 returned as update count for SQL: INSERT INTO t_owner (id,first_name,last_name) VALUES (3, 'Eda', 'Rize')
2020-05-28 23:35:19.075 DEBUG 11184 --- [restartedMain] o.s.jdbc.datasource.init.ScriptUtils     : 1 returned as update count for SQL: INSERT INTO t_owner (id,first_name,last_name) VALUES (4, 'Hadi', 'Duru')
2020-05-28 23:35:19.075 DEBUG 11184 --- [restartedMain] o.s.jdbc.datasource.init.ScriptUtils     : 1 returned as update count for SQL: INSERT INTO t_owner (id,first_name,last_name) VALUES (5, 'Pınar', 'Mus')
2020-05-28 23:35:19.075 DEBUG 11184 --- [restartedMain] o.s.jdbc.datasource.init.ScriptUtils     : 1 returned as update count for SQL: INSERT INTO t_owner (id,first_name,last_name) VALUES (6, 'Çiğdem', 'Su')
2020-05-28 23:35:19.090 DEBUG 11184 --- [restartedMain] o.s.jdbc.datasource.init.ScriptUtils     : 1 returned as update count for SQL: INSERT INTO t_owner (id,first_name,last_name) VALUES (7, 'Aslı', 'Zor')
2020-05-28 23:35:19.090 DEBUG 11184 --- [restartedMain] o.s.jdbc.datasource.init.ScriptUtils     : 1 returned as update count for SQL: INSERT INTO t_owner (id,first_name,last_name) VALUES (8, 'Murat', 'Eski')
2020-05-28 23:35:19.090 DEBUG 11184 --- [restartedMain] o.s.jdbc.datasource.init.ScriptUtils     : 1 returned as update count for SQL: INSERT INTO t_owner (id,first_name,last_name) VALUES (9, 'Davut', 'Saz')
2020-05-28 23:35:19.090 DEBUG 11184 --- [restartedMain] o.s.jdbc.datasource.init.ScriptUtils     : 1 returned as update count for SQL: INSERT INTO t_owner (id,first_name,last_name) VALUES (10, 'Kadir', 'Mutlu')
2020-05-28 23:35:19.090 DEBUG 11184 --- [restartedMain] o.s.jdbc.datasource.init.ScriptUtils     : 1 returned as update count for SQL: INSERT INTO t_vet (id,first_name,last_name) VALUES (11, 'Elif', 'Taş')
2020-05-28 23:35:19.090 DEBUG 11184 --- [restartedMain] o.s.jdbc.datasource.init.ScriptUtils     : 1 returned as update count for SQL: INSERT INTO t_vet (id,first_name,last_name) VALUES (12, 'Gülbahar', 'Taş')
2020-05-28 23:35:19.090 DEBUG 11184 --- [restartedMain] o.s.jdbc.datasource.init.ScriptUtils     : 1 returned as update count for SQL: INSERT INTO t_vet (id,first_name,last_name) VALUES (13, 'Zahit', 'Güney')
2020-05-28 23:35:19.090 DEBUG 11184 --- [restartedMain] o.s.jdbc.datasource.init.ScriptUtils     : 1 returned as update count for SQL: insert into t_pet(id,name,birth_date,owner_id) values (1,'Dave','2015-01-05',1)
2020-05-28 23:35:19.090 DEBUG 11184 --- [restartedMain] o.s.jdbc.datasource.init.ScriptUtils     : 1 returned as update count for SQL: INSERT INTO t_pet (id,name,birth_date,owner_id) VALUES (2, 'Donetello', '2008-08-06', 1)
2020-05-28 23:35:19.090 DEBUG 11184 --- [restartedMain] o.s.jdbc.datasource.init.ScriptUtils     : 1 returned as update count for SQL: INSERT INTO t_pet (id,name,birth_date,owner_id) VALUES (3, 'Karabaş', '2001-04-17', 1)
2020-05-28 23:35:19.090 DEBUG 11184 --- [restartedMain] o.s.jdbc.datasource.init.ScriptUtils     : 1 returned as update count for SQL: INSERT INTO t_pet (id,name,birth_date,owner_id) VALUES (4, 'Joe', '2009-03-07', 2)
2020-05-28 23:35:19.090 DEBUG 11184 --- [restartedMain] o.s.jdbc.datasource.init.ScriptUtils     : 1 returned as update count for SQL: INSERT INTO t_pet (id,name,birth_date,owner_id) VALUES (5, 'Canavar', '2010-11-30', 2)
2020-05-28 23:35:19.090 DEBUG 11184 --- [restartedMain] o.s.jdbc.datasource.init.ScriptUtils     : 1 returned as update count for SQL: INSERT INTO t_pet (id,name,birth_date,owner_id) VALUES (6, 'Tatlım', '2010-01-20', 3)
2020-05-28 23:35:19.090 DEBUG 11184 --- [restartedMain] o.s.jdbc.datasource.init.ScriptUtils     : 1 returned as update count for SQL: INSERT INTO t_pet (id,name,birth_date,owner_id) VALUES (7, 'Samanta', '2008-09-04', 5)
2020-05-28 23:35:19.090 DEBUG 11184 --- [restartedMain] o.s.jdbc.datasource.init.ScriptUtils     : 1 returned as update count for SQL: INSERT INTO t_pet (id,name,birth_date,owner_id) VALUES (8, 'Boncuk', '2008-09-04', 5)
2020-05-28 23:35:19.090 DEBUG 11184 --- [restartedMain] o.s.jdbc.datasource.init.ScriptUtils     : 1 returned as update count for SQL: INSERT INTO t_pet (id,name,birth_date,owner_id) VALUES (9, 'Şanslı', '2007-08-06', 5)
2020-05-28 23:35:19.090 DEBUG 11184 --- [restartedMain] o.s.jdbc.datasource.init.ScriptUtils     : 1 returned as update count for SQL: INSERT INTO t_pet (id,name,birth_date,owner_id) VALUES (10, 'Karaburun', '2009-02-24', 6)
2020-05-28 23:35:19.090 DEBUG 11184 --- [restartedMain] o.s.jdbc.datasource.init.ScriptUtils     : 1 returned as update count for SQL: INSERT INTO t_pet (id,name,birth_date,owner_id) VALUES (11, 'Twetty', '2000-03-09', 7)
2020-05-28 23:35:19.090 DEBUG 11184 --- [restartedMain] o.s.jdbc.datasource.init.ScriptUtils     : 1 returned as update count for SQL: INSERT INTO t_pet (id,name,birth_date,owner_id) VALUES (12, 'Tarçın', '2000-06-24', 8)
2020-05-28 23:35:19.106 DEBUG 11184 --- [restartedMain] o.s.jdbc.datasource.init.ScriptUtils     : 1 returned as update count for SQL: INSERT INTO t_pet (id,name,birth_date,owner_id) VALUES (13, 'Sarı', '2002-06-08', 9)
2020-05-28 23:35:19.106 DEBUG 11184 --- [restartedMain] o.s.jdbc.datasource.init.ScriptUtils     : Executed SQL script from URL [file:/C:/Documents%20and%20Settings/EXT02D17073/Documents/workspace-spring-tool-suite-4-4.6.0.RELEASE/petclinic/target/classes/data.sql] in 47 ms.
2020-05-28 23:35:19.325 DEBUG 11184 --- [restartedMain] o.s.jdbc.datasource.DataSourceUtils      : Fetching JDBC Connection from DataSource
2020-05-28 23:35:19.403  INFO 11184 --- [restartedMain] o.hibernate.jpa.internal.util.LogHelper  : HHH000204: Processing PersistenceUnitInfo [
	name: default
	...]
2020-05-28 23:35:19.465  INFO 11184 --- [restartedMain] org.hibernate.Version                    : HHH000412: Hibernate Core {5.3.17.Final}
2020-05-28 23:35:19.481  INFO 11184 --- [restartedMain] org.hibernate.cfg.Environment            : HHH000206: hibernate.properties not found
2020-05-28 23:35:19.653  INFO 11184 --- [restartedMain] o.hibernate.annotations.common.Version   : HCANN000001: Hibernate Commons Annotations {5.0.4.Final}
2020-05-28 23:35:19.934  INFO 11184 --- [restartedMain] org.hibernate.dialect.Dialect            : HHH000400: Using dialect: org.hibernate.dialect.H2Dialect
2020-05-28 23:35:20.919  INFO 11184 --- [restartedMain] j.LocalContainerEntityManagerFactoryBean : Initialized JPA EntityManagerFactory for persistence unit 'default'
2020-05-28 23:35:21.872 DEBUG 11184 --- [restartedMain] m.DelegatingMethodSecurityMetadataSource : Caching method [CacheKey[com.javaegitimleri.petclinic.service.PetClinicServiceImpl; public java.util.List com.javaegitimleri.petclinic.service.PetClinicServiceImpl.findOwners()]] with attributes [ROLE_USER, ROLE_EDITOR]
2020-05-28 23:35:21.903 DEBUG 11184 --- [restartedMain] o.s.s.a.i.a.MethodSecurityInterceptor    : Validated configuration attributes
2020-05-28 23:35:22.857 DEBUG 11184 --- [restartedMain] o.s.w.s.handler.SimpleUrlHandlerMapping  : Patterns [/**/favicon.ico] in 'faviconHandlerMapping'
2020-05-28 23:35:23.029  INFO 11184 --- [restartedMain] o.s.s.concurrent.ThreadPoolTaskExecutor  : Initializing ExecutorService 'applicationTaskExecutor'
2020-05-28 23:35:23.060 DEBUG 11184 --- [restartedMain] s.w.s.m.m.a.RequestMappingHandlerAdapter : ControllerAdvice beans: 0 @ModelAttribute, 0 @InitBinder, 1 RequestBodyAdvice, 1 ResponseBodyAdvice
2020-05-28 23:35:23.107  WARN 11184 --- [restartedMain] aWebConfiguration$JpaWebMvcConfiguration : spring.jpa.open-in-view is enabled by default. Therefore, database queries may be performed during view rendering. Explicitly configure spring.jpa.open-in-view to disable this warning
2020-05-28 23:35:23.154 DEBUG 11184 --- [restartedMain] s.w.s.m.m.a.RequestMappingHandlerMapping : 23 mappings in 'requestMappingHandlerMapping'
2020-05-28 23:35:23.185  INFO 11184 --- [restartedMain] o.s.b.a.w.s.WelcomePageHandlerMapping    : Adding welcome page template: index
2020-05-28 23:35:23.232 DEBUG 11184 --- [restartedMain] o.s.w.s.handler.SimpleUrlHandlerMapping  : Patterns [/webjars/**, /**, /hal/browser/**] in 'resourceHandlerMapping'
2020-05-28 23:35:23.247 DEBUG 11184 --- [restartedMain] .m.m.a.ExceptionHandlerExceptionResolver : ControllerAdvice beans: 1 @ExceptionHandler, 1 ResponseBodyAdvice
2020-05-28 23:35:23.778 DEBUG 11184 --- [restartedMain] eGlobalAuthenticationAutowiredConfigurer : Eagerly initializing {securityConfiguration=com.javaegitimleri.petclinic.SecurityConfiguration$$EnhancerBySpringCGLIB$$ab122201@5c30da9, org.springframework.boot.autoconfigure.security.servlet.WebSecurityEnablerConfiguration=org.springframework.boot.autoconfigure.security.servlet.WebSecurityEnablerConfiguration$$EnhancerBySpringCGLIB$$d32c4c40@1b6023dc}
2020-05-28 23:35:24.044 DEBUG 11184 --- [restartedMain] edFilterInvocationSecurityMetadataSource : Adding web access control expression 'permitAll', for any request
2020-05-28 23:35:24.044 DEBUG 11184 --- [restartedMain] o.s.s.w.a.i.FilterSecurityInterceptor    : Validated configuration attributes
2020-05-28 23:35:24.044 DEBUG 11184 --- [restartedMain] o.s.s.w.a.i.FilterSecurityInterceptor    : Validated configuration attributes
2020-05-28 23:35:24.060  INFO 11184 --- [restartedMain] o.s.s.web.DefaultSecurityFilterChain     : Creating filter chain: Ant [pattern='/hal/**'], [org.springframework.security.web.context.request.async.WebAsyncManagerIntegrationFilter@7875dd64, org.springframework.security.web.context.SecurityContextPersistenceFilter@601ee293, org.springframework.security.web.header.HeaderWriterFilter@7e53c9aa, org.springframework.security.web.authentication.logout.LogoutFilter@46aeedea, org.springframework.security.web.savedrequest.RequestCacheAwareFilter@5614930b, org.springframework.security.web.servletapi.SecurityContextHolderAwareRequestFilter@55ef6e79, org.springframework.security.web.authentication.AnonymousAuthenticationFilter@7024070d, org.springframework.security.web.session.SessionManagementFilter@11efc72c, org.springframework.security.web.access.ExceptionTranslationFilter@2667682e, org.springframework.security.web.access.intercept.FilterSecurityInterceptor@428a4e97]
2020-05-28 23:35:24.060 DEBUG 11184 --- [restartedMain] edFilterInvocationSecurityMetadataSource : Adding web access control expression 'permitAll', for any request
2020-05-28 23:35:24.060 DEBUG 11184 --- [restartedMain] o.s.s.w.a.i.FilterSecurityInterceptor    : Validated configuration attributes
2020-05-28 23:35:24.060 DEBUG 11184 --- [restartedMain] o.s.s.w.a.i.FilterSecurityInterceptor    : Validated configuration attributes
2020-05-28 23:35:24.060  INFO 11184 --- [restartedMain] o.s.s.web.DefaultSecurityFilterChain     : Creating filter chain: Ant [pattern='/h2-console/**'], [org.springframework.security.web.context.request.async.WebAsyncManagerIntegrationFilter@a59d410, org.springframework.security.web.context.SecurityContextPersistenceFilter@639bca71, org.springframework.security.web.header.HeaderWriterFilter@76cac5a9, org.springframework.security.web.authentication.logout.LogoutFilter@3db8a8cc, org.springframework.security.web.savedrequest.RequestCacheAwareFilter@118798e6, org.springframework.security.web.servletapi.SecurityContextHolderAwareRequestFilter@3140f0f2, org.springframework.security.web.authentication.AnonymousAuthenticationFilter@21ba28e1, org.springframework.security.web.session.SessionManagementFilter@2225ca3c, org.springframework.security.web.access.ExceptionTranslationFilter@16ec8044, org.springframework.security.web.access.intercept.FilterSecurityInterceptor@63575a47]
2020-05-28 23:35:24.060 DEBUG 11184 --- [restartedMain] edFilterInvocationSecurityMetadataSource : Adding web access control expression 'hasRole('EDITOR')', for Ant [pattern='/rest/**']
2020-05-28 23:35:24.075 DEBUG 11184 --- [restartedMain] o.s.s.w.a.i.FilterSecurityInterceptor    : Validated configuration attributes
2020-05-28 23:35:24.075 DEBUG 11184 --- [restartedMain] o.s.s.w.a.i.FilterSecurityInterceptor    : Validated configuration attributes
2020-05-28 23:35:24.075  INFO 11184 --- [restartedMain] o.s.s.web.DefaultSecurityFilterChain     : Creating filter chain: Ant [pattern='/rest/**'], [org.springframework.security.web.context.request.async.WebAsyncManagerIntegrationFilter@7161d4a1, org.springframework.security.web.context.SecurityContextPersistenceFilter@6a8e8bf2, org.springframework.security.web.header.HeaderWriterFilter@133e5c8d, org.springframework.security.web.authentication.logout.LogoutFilter@32dab88c, org.springframework.security.web.authentication.www.BasicAuthenticationFilter@f5f0296, org.springframework.security.web.savedrequest.RequestCacheAwareFilter@599ac3, org.springframework.security.web.servletapi.SecurityContextHolderAwareRequestFilter@61e27471, org.springframework.security.web.authentication.AnonymousAuthenticationFilter@6dd23a9, org.springframework.security.web.session.SessionManagementFilter@6c7db901, org.springframework.security.web.access.ExceptionTranslationFilter@77f3a9c1, org.springframework.security.web.access.intercept.FilterSecurityInterceptor@77712c4f]
2020-05-28 23:35:24.107 DEBUG 11184 --- [restartedMain] edFilterInvocationSecurityMetadataSource : Adding web access control expression 'permitAll', for Ant [pattern='/**/favicon.ico']
2020-05-28 23:35:24.107 DEBUG 11184 --- [restartedMain] edFilterInvocationSecurityMetadataSource : Adding web access control expression 'permitAll', for Ant [pattern='/css/**']
2020-05-28 23:35:24.107 DEBUG 11184 --- [restartedMain] edFilterInvocationSecurityMetadataSource : Adding web access control expression 'permitAll', for Ant [pattern='/js/**']
2020-05-28 23:35:24.107 DEBUG 11184 --- [restartedMain] edFilterInvocationSecurityMetadataSource : Adding web access control expression 'permitAll', for Ant [pattern='/images/**']
2020-05-28 23:35:24.107 DEBUG 11184 --- [restartedMain] edFilterInvocationSecurityMetadataSource : Adding web access control expression 'permitAll', for Ant [pattern='/webjars/**']
2020-05-28 23:35:24.107 DEBUG 11184 --- [restartedMain] edFilterInvocationSecurityMetadataSource : Adding web access control expression 'permitAll', for Ant [pattern='/login.html']
2020-05-28 23:35:24.107 DEBUG 11184 --- [restartedMain] edFilterInvocationSecurityMetadataSource : Adding web access control expression 'hasRole('ADMIN')', for Ant [pattern='/actuator/**']
2020-05-28 23:35:24.107 DEBUG 11184 --- [restartedMain] edFilterInvocationSecurityMetadataSource : Adding web access control expression 'authenticated', for any request
2020-05-28 23:35:24.107 DEBUG 11184 --- [restartedMain] o.s.s.w.a.i.FilterSecurityInterceptor    : Validated configuration attributes
2020-05-28 23:35:24.107 DEBUG 11184 --- [restartedMain] o.s.s.w.a.i.FilterSecurityInterceptor    : Validated configuration attributes
2020-05-28 23:35:24.122  INFO 11184 --- [restartedMain] o.s.s.web.DefaultSecurityFilterChain     : Creating filter chain: any request, [org.springframework.security.web.context.request.async.WebAsyncManagerIntegrationFilter@276b80fc, org.springframework.security.web.context.SecurityContextPersistenceFilter@8bdc2f, org.springframework.security.web.header.HeaderWriterFilter@4621a5d8, org.springframework.security.web.csrf.CsrfFilter@35e9aa7b, org.springframework.security.web.authentication.logout.LogoutFilter@5afc4b92, org.springframework.security.web.authentication.UsernamePasswordAuthenticationFilter@8ff5ae, org.springframework.security.web.savedrequest.RequestCacheAwareFilter@34d62e9f, org.springframework.security.web.servletapi.SecurityContextHolderAwareRequestFilter@7f1252b8, org.springframework.security.web.authentication.rememberme.RememberMeAuthenticationFilter@67552560, org.springframework.security.web.authentication.AnonymousAuthenticationFilter@7b35d79a, org.springframework.security.web.session.SessionManagementFilter@3e637515, org.springframework.security.web.access.ExceptionTranslationFilter@32b0db2a, org.springframework.security.web.access.intercept.FilterSecurityInterceptor@2ab5847f]
2020-05-28 23:35:24.669  INFO 11184 --- [restartedMain] o.s.b.a.e.web.EndpointLinksResolver      : Exposing 0 endpoint(s) beneath base path '/actuator'
2020-05-28 23:35:24.825  INFO 11184 --- [restartedMain] o.s.b.w.embedded.tomcat.TomcatWebServer  : Tomcat started on port(s): 8080 (http) with context path ''
2020-05-28 23:35:24.825  INFO 11184 --- [restartedMain] c.j.petclinic.PetClinicApplication       : Started PetClinicApplication in 13.755 seconds (JVM running for 16.921)
2020-05-28 23:35:40.385  INFO 11184 --- [http-nio-8080-exec-1] o.a.c.c.C.[Tomcat].[localhost].[/]       : Initializing Spring DispatcherServlet 'dispatcherServlet'
2020-05-28 23:35:40.385  INFO 11184 --- [http-nio-8080-exec-1] o.s.web.servlet.DispatcherServlet        : Initializing Servlet 'dispatcherServlet'
2020-05-28 23:35:40.386 DEBUG 11184 --- [http-nio-8080-exec-1] o.s.web.servlet.DispatcherServlet        : Detected StandardServletMultipartResolver
2020-05-28 23:35:40.475 DEBUG 11184 --- [http-nio-8080-exec-1] o.s.web.servlet.DispatcherServlet        : enableLoggingRequestDetails='false': request parameters and headers will be masked to prevent unsafe logging of potentially sensitive data
2020-05-28 23:35:40.476  INFO 11184 --- [http-nio-8080-exec-1] o.s.web.servlet.DispatcherServlet        : Completed initialization in 91 ms
2020-05-28 23:35:40.505 DEBUG 11184 --- [http-nio-8080-exec-1] o.s.s.w.u.matcher.AntPathRequestMatcher  : Checking match of request : '/owners'; against '/hal/**'
2020-05-28 23:35:40.505 DEBUG 11184 --- [http-nio-8080-exec-1] o.s.s.w.u.matcher.AntPathRequestMatcher  : Checking match of request : '/owners'; against '/h2-console/**'
2020-05-28 23:35:40.505 DEBUG 11184 --- [http-nio-8080-exec-1] o.s.s.w.u.matcher.AntPathRequestMatcher  : Checking match of request : '/owners'; against '/rest/**'
2020-05-28 23:35:40.506 DEBUG 11184 --- [http-nio-8080-exec-1] o.s.security.web.FilterChainProxy        : /owners at position 1 of 13 in additional filter chain; firing Filter: 'WebAsyncManagerIntegrationFilter'
2020-05-28 23:35:40.508 DEBUG 11184 --- [http-nio-8080-exec-1] o.s.security.web.FilterChainProxy        : /owners at position 2 of 13 in additional filter chain; firing Filter: 'SecurityContextPersistenceFilter'
2020-05-28 23:35:40.509 DEBUG 11184 --- [http-nio-8080-exec-1] w.c.HttpSessionSecurityContextRepository : No HttpSession currently exists
2020-05-28 23:35:40.509 DEBUG 11184 --- [http-nio-8080-exec-1] w.c.HttpSessionSecurityContextRepository : No SecurityContext was available from the HttpSession: null. A new one will be created.
2020-05-28 23:35:40.514 DEBUG 11184 --- [http-nio-8080-exec-1] o.s.security.web.FilterChainProxy        : /owners at position 3 of 13 in additional filter chain; firing Filter: 'HeaderWriterFilter'
2020-05-28 23:35:40.515 DEBUG 11184 --- [http-nio-8080-exec-1] o.s.security.web.FilterChainProxy        : /owners at position 4 of 13 in additional filter chain; firing Filter: 'CsrfFilter'
2020-05-28 23:35:40.518 DEBUG 11184 --- [http-nio-8080-exec-1] o.s.security.web.FilterChainProxy        : /owners at position 5 of 13 in additional filter chain; firing Filter: 'LogoutFilter'
2020-05-28 23:35:40.518 DEBUG 11184 --- [http-nio-8080-exec-1] o.s.s.w.u.matcher.AntPathRequestMatcher  : Request 'GET /owners' doesn't match 'POST /logout'
2020-05-28 23:35:40.518 DEBUG 11184 --- [http-nio-8080-exec-1] o.s.security.web.FilterChainProxy        : /owners at position 6 of 13 in additional filter chain; firing Filter: 'UsernamePasswordAuthenticationFilter'
2020-05-28 23:35:40.518 DEBUG 11184 --- [http-nio-8080-exec-1] o.s.s.w.u.matcher.AntPathRequestMatcher  : Request 'GET /owners' doesn't match 'POST /login'
2020-05-28 23:35:40.518 DEBUG 11184 --- [http-nio-8080-exec-1] o.s.security.web.FilterChainProxy        : /owners at position 7 of 13 in additional filter chain; firing Filter: 'RequestCacheAwareFilter'
2020-05-28 23:35:40.518 DEBUG 11184 --- [http-nio-8080-exec-1] o.s.s.w.s.HttpSessionRequestCache        : saved request doesn't match
2020-05-28 23:35:40.518 DEBUG 11184 --- [http-nio-8080-exec-1] o.s.security.web.FilterChainProxy        : /owners at position 8 of 13 in additional filter chain; firing Filter: 'SecurityContextHolderAwareRequestFilter'
2020-05-28 23:35:40.520 DEBUG 11184 --- [http-nio-8080-exec-1] o.s.security.web.FilterChainProxy        : /owners at position 9 of 13 in additional filter chain; firing Filter: 'RememberMeAuthenticationFilter'
2020-05-28 23:35:40.520 DEBUG 11184 --- [http-nio-8080-exec-1] o.s.security.web.FilterChainProxy        : /owners at position 10 of 13 in additional filter chain; firing Filter: 'AnonymousAuthenticationFilter'
2020-05-28 23:35:40.522 DEBUG 11184 --- [http-nio-8080-exec-1] o.s.s.w.a.AnonymousAuthenticationFilter  : Populated SecurityContextHolder with anonymous token: 'org.springframework.security.authentication.AnonymousAuthenticationToken@96d5ab44: Principal: anonymousUser; Credentials: [PROTECTED]; Authenticated: true; Details: org.springframework.security.web.authentication.WebAuthenticationDetails@b364: RemoteIpAddress: 0:0:0:0:0:0:0:1; SessionId: null; Granted Authorities: ROLE_ANONYMOUS'
2020-05-28 23:35:40.522 DEBUG 11184 --- [http-nio-8080-exec-1] o.s.security.web.FilterChainProxy        : /owners at position 11 of 13 in additional filter chain; firing Filter: 'SessionManagementFilter'
2020-05-28 23:35:40.522 DEBUG 11184 --- [http-nio-8080-exec-1] o.s.security.web.FilterChainProxy        : /owners at position 12 of 13 in additional filter chain; firing Filter: 'ExceptionTranslationFilter'
2020-05-28 23:35:40.522 DEBUG 11184 --- [http-nio-8080-exec-1] o.s.security.web.FilterChainProxy        : /owners at position 13 of 13 in additional filter chain; firing Filter: 'FilterSecurityInterceptor'
2020-05-28 23:35:40.523 DEBUG 11184 --- [http-nio-8080-exec-1] o.s.s.w.u.matcher.AntPathRequestMatcher  : Checking match of request : '/owners'; against '/**/favicon.ico'
2020-05-28 23:35:40.523 DEBUG 11184 --- [http-nio-8080-exec-1] o.s.s.w.u.matcher.AntPathRequestMatcher  : Checking match of request : '/owners'; against '/css/**'
2020-05-28 23:35:40.524 DEBUG 11184 --- [http-nio-8080-exec-1] o.s.s.w.u.matcher.AntPathRequestMatcher  : Checking match of request : '/owners'; against '/js/**'
2020-05-28 23:35:40.524 DEBUG 11184 --- [http-nio-8080-exec-1] o.s.s.w.u.matcher.AntPathRequestMatcher  : Checking match of request : '/owners'; against '/images/**'
2020-05-28 23:35:40.524 DEBUG 11184 --- [http-nio-8080-exec-1] o.s.s.w.u.matcher.AntPathRequestMatcher  : Checking match of request : '/owners'; against '/webjars/**'
2020-05-28 23:35:40.524 DEBUG 11184 --- [http-nio-8080-exec-1] o.s.s.w.u.matcher.AntPathRequestMatcher  : Checking match of request : '/owners'; against '/login.html'
2020-05-28 23:35:40.524 DEBUG 11184 --- [http-nio-8080-exec-1] o.s.s.w.u.matcher.AntPathRequestMatcher  : Checking match of request : '/owners'; against '/actuator/**'
2020-05-28 23:35:40.525 DEBUG 11184 --- [http-nio-8080-exec-1] o.s.s.w.a.i.FilterSecurityInterceptor    : Secure object: FilterInvocation: URL: /owners; Attributes: [authenticated]
2020-05-28 23:35:40.525 DEBUG 11184 --- [http-nio-8080-exec-1] o.s.s.w.a.i.FilterSecurityInterceptor    : Previously Authenticated: org.springframework.security.authentication.AnonymousAuthenticationToken@96d5ab44: Principal: anonymousUser; Credentials: [PROTECTED]; Authenticated: true; Details: org.springframework.security.web.authentication.WebAuthenticationDetails@b364: RemoteIpAddress: 0:0:0:0:0:0:0:1; SessionId: null; Granted Authorities: ROLE_ANONYMOUS
2020-05-28 23:35:40.534 DEBUG 11184 --- [http-nio-8080-exec-1] o.s.s.access.vote.AffirmativeBased       : Voter: org.springframework.security.web.access.expression.WebExpressionVoter@78b6d803, returned: -1
2020-05-28 23:35:40.543 DEBUG 11184 --- [http-nio-8080-exec-1] o.s.s.w.a.ExceptionTranslationFilter     : Access is denied (user is anonymous); redirecting to authentication entry point

org.springframework.security.access.AccessDeniedException: Access is denied
	at org.springframework.security.access.vote.AffirmativeBased.decide(AffirmativeBased.java:84) ~[spring-security-core-5.1.10.RELEASE.jar:5.1.10.RELEASE]
	at org.springframework.security.access.intercept.AbstractSecurityInterceptor.beforeInvocation(AbstractSecurityInterceptor.java:233) ~[spring-security-core-5.1.10.RELEASE.jar:5.1.10.RELEASE]
	at org.springframework.security.web.access.intercept.FilterSecurityInterceptor.invoke(FilterSecurityInterceptor.java:124) ~[spring-security-web-5.1.10.RELEASE.jar:5.1.10.RELEASE]
	at org.springframework.security.web.access.intercept.FilterSecurityInterceptor.doFilter(FilterSecurityInterceptor.java:91) ~[spring-security-web-5.1.10.RELEASE.jar:5.1.10.RELEASE]
	at org.springframework.security.web.FilterChainProxy$VirtualFilterChain.doFilter(FilterChainProxy.java:334) [spring-security-web-5.1.10.RELEASE.jar:5.1.10.RELEASE]
	at org.springframework.security.web.access.ExceptionTranslationFilter.doFilter(ExceptionTranslationFilter.java:119) ~[spring-security-web-5.1.10.RELEASE.jar:5.1.10.RELEASE]
	at org.springframework.security.web.FilterChainProxy$VirtualFilterChain.doFilter(FilterChainProxy.java:334) [spring-security-web-5.1.10.RELEASE.jar:5.1.10.RELEASE]
	at org.springframework.security.web.session.SessionManagementFilter.doFilter(SessionManagementFilter.java:137) [spring-security-web-5.1.10.RELEASE.jar:5.1.10.RELEASE]
	at org.springframework.security.web.FilterChainProxy$VirtualFilterChain.doFilter(FilterChainProxy.java:334) [spring-security-web-5.1.10.RELEASE.jar:5.1.10.RELEASE]
	at org.springframework.security.web.authentication.AnonymousAuthenticationFilter.doFilter(AnonymousAuthenticationFilter.java:111) [spring-security-web-5.1.10.RELEASE.jar:5.1.10.RELEASE]
	at org.springframework.security.web.FilterChainProxy$VirtualFilterChain.doFilter(FilterChainProxy.java:334) [spring-security-web-5.1.10.RELEASE.jar:5.1.10.RELEASE]
	at org.springframework.security.web.authentication.rememberme.RememberMeAuthenticationFilter.doFilter(RememberMeAuthenticationFilter.java:150) [spring-security-web-5.1.10.RELEASE.jar:5.1.10.RELEASE]
	at org.springframework.security.web.FilterChainProxy$VirtualFilterChain.doFilter(FilterChainProxy.java:334) [spring-security-web-5.1.10.RELEASE.jar:5.1.10.RELEASE]
	at org.springframework.security.web.servletapi.SecurityContextHolderAwareRequestFilter.doFilter(SecurityContextHolderAwareRequestFilter.java:170) [spring-security-web-5.1.10.RELEASE.jar:5.1.10.RELEASE]
	at org.springframework.security.web.FilterChainProxy$VirtualFilterChain.doFilter(FilterChainProxy.java:334) [spring-security-web-5.1.10.RELEASE.jar:5.1.10.RELEASE]
	at org.springframework.security.web.savedrequest.RequestCacheAwareFilter.doFilter(RequestCacheAwareFilter.java:63) [spring-security-web-5.1.10.RELEASE.jar:5.1.10.RELEASE]
	at org.springframework.security.web.FilterChainProxy$VirtualFilterChain.doFilter(FilterChainProxy.java:334) [spring-security-web-5.1.10.RELEASE.jar:5.1.10.RELEASE]
	at org.springframework.security.web.authentication.AbstractAuthenticationProcessingFilter.doFilter(AbstractAuthenticationProcessingFilter.java:200) [spring-security-web-5.1.10.RELEASE.jar:5.1.10.RELEASE]
	at org.springframework.security.web.FilterChainProxy$VirtualFilterChain.doFilter(FilterChainProxy.java:334) [spring-security-web-5.1.10.RELEASE.jar:5.1.10.RELEASE]
	at org.springframework.security.web.authentication.logout.LogoutFilter.doFilter(LogoutFilter.java:116) [spring-security-web-5.1.10.RELEASE.jar:5.1.10.RELEASE]
	at org.springframework.security.web.FilterChainProxy$VirtualFilterChain.doFilter(FilterChainProxy.java:334) [spring-security-web-5.1.10.RELEASE.jar:5.1.10.RELEASE]
	at org.springframework.security.web.csrf.CsrfFilter.doFilterInternal(CsrfFilter.java:100) [spring-security-web-5.1.10.RELEASE.jar:5.1.10.RELEASE]
	at org.springframework.web.filter.OncePerRequestFilter.doFilter(OncePerRequestFilter.java:119) [spring-web-5.1.15.RELEASE.jar:5.1.15.RELEASE]
	at org.springframework.security.web.FilterChainProxy$VirtualFilterChain.doFilter(FilterChainProxy.java:334) [spring-security-web-5.1.10.RELEASE.jar:5.1.10.RELEASE]
	at org.springframework.security.web.header.HeaderWriterFilter.doFilterInternal(HeaderWriterFilter.java:74) [spring-security-web-5.1.10.RELEASE.jar:5.1.10.RELEASE]
	at org.springframework.web.filter.OncePerRequestFilter.doFilter(OncePerRequestFilter.java:119) [spring-web-5.1.15.RELEASE.jar:5.1.15.RELEASE]
	at org.springframework.security.web.FilterChainProxy$VirtualFilterChain.doFilter(FilterChainProxy.java:334) [spring-security-web-5.1.10.RELEASE.jar:5.1.10.RELEASE]
	at org.springframework.security.web.context.SecurityContextPersistenceFilter.doFilter(SecurityContextPersistenceFilter.java:105) [spring-security-web-5.1.10.RELEASE.jar:5.1.10.RELEASE]
	at org.springframework.security.web.FilterChainProxy$VirtualFilterChain.doFilter(FilterChainProxy.java:334) [spring-security-web-5.1.10.RELEASE.jar:5.1.10.RELEASE]
	at org.springframework.security.web.context.request.async.WebAsyncManagerIntegrationFilter.doFilterInternal(WebAsyncManagerIntegrationFilter.java:56) [spring-security-web-5.1.10.RELEASE.jar:5.1.10.RELEASE]
	at org.springframework.web.filter.OncePerRequestFilter.doFilter(OncePerRequestFilter.java:119) [spring-web-5.1.15.RELEASE.jar:5.1.15.RELEASE]
	at org.springframework.security.web.FilterChainProxy$VirtualFilterChain.doFilter(FilterChainProxy.java:334) [spring-security-web-5.1.10.RELEASE.jar:5.1.10.RELEASE]
	at org.springframework.security.web.FilterChainProxy.doFilterInternal(FilterChainProxy.java:215) [spring-security-web-5.1.10.RELEASE.jar:5.1.10.RELEASE]
	at org.springframework.security.web.FilterChainProxy.doFilter(FilterChainProxy.java:178) [spring-security-web-5.1.10.RELEASE.jar:5.1.10.RELEASE]
	at org.springframework.web.filter.DelegatingFilterProxy.invokeDelegate(DelegatingFilterProxy.java:358) [spring-web-5.1.15.RELEASE.jar:5.1.15.RELEASE]
	at org.springframework.web.filter.DelegatingFilterProxy.doFilter(DelegatingFilterProxy.java:271) [spring-web-5.1.15.RELEASE.jar:5.1.15.RELEASE]
	at org.apache.catalina.core.ApplicationFilterChain.internalDoFilter(ApplicationFilterChain.java:193) [tomcat-embed-core-9.0.34.jar:9.0.34]
	at org.apache.catalina.core.ApplicationFilterChain.doFilter(ApplicationFilterChain.java:166) [tomcat-embed-core-9.0.34.jar:9.0.34]
	at org.springframework.web.filter.RequestContextFilter.doFilterInternal(RequestContextFilter.java:100) [spring-web-5.1.15.RELEASE.jar:5.1.15.RELEASE]
	at org.springframework.web.filter.OncePerRequestFilter.doFilter(OncePerRequestFilter.java:119) [spring-web-5.1.15.RELEASE.jar:5.1.15.RELEASE]
	at org.apache.catalina.core.ApplicationFilterChain.internalDoFilter(ApplicationFilterChain.java:193) [tomcat-embed-core-9.0.34.jar:9.0.34]
	at org.apache.catalina.core.ApplicationFilterChain.doFilter(ApplicationFilterChain.java:166) [tomcat-embed-core-9.0.34.jar:9.0.34]
	at org.springframework.web.filter.FormContentFilter.doFilterInternal(FormContentFilter.java:93) [spring-web-5.1.15.RELEASE.jar:5.1.15.RELEASE]
	at org.springframework.web.filter.OncePerRequestFilter.doFilter(OncePerRequestFilter.java:119) [spring-web-5.1.15.RELEASE.jar:5.1.15.RELEASE]
	at org.apache.catalina.core.ApplicationFilterChain.internalDoFilter(ApplicationFilterChain.java:193) [tomcat-embed-core-9.0.34.jar:9.0.34]
	at org.apache.catalina.core.ApplicationFilterChain.doFilter(ApplicationFilterChain.java:166) [tomcat-embed-core-9.0.34.jar:9.0.34]
	at org.springframework.web.filter.HiddenHttpMethodFilter.doFilterInternal(HiddenHttpMethodFilter.java:94) [spring-web-5.1.15.RELEASE.jar:5.1.15.RELEASE]
	at org.springframework.web.filter.OncePerRequestFilter.doFilter(OncePerRequestFilter.java:119) [spring-web-5.1.15.RELEASE.jar:5.1.15.RELEASE]
	at org.apache.catalina.core.ApplicationFilterChain.internalDoFilter(ApplicationFilterChain.java:193) [tomcat-embed-core-9.0.34.jar:9.0.34]
	at org.apache.catalina.core.ApplicationFilterChain.doFilter(ApplicationFilterChain.java:166) [tomcat-embed-core-9.0.34.jar:9.0.34]
	at org.springframework.boot.actuate.metrics.web.servlet.WebMvcMetricsFilter.filterAndRecordMetrics(WebMvcMetricsFilter.java:114) [spring-boot-actuator-2.1.14.RELEASE.jar:2.1.14.RELEASE]
	at org.springframework.boot.actuate.metrics.web.servlet.WebMvcMetricsFilter.doFilterInternal(WebMvcMetricsFilter.java:104) [spring-boot-actuator-2.1.14.RELEASE.jar:2.1.14.RELEASE]
	at org.springframework.web.filter.OncePerRequestFilter.doFilter(OncePerRequestFilter.java:119) [spring-web-5.1.15.RELEASE.jar:5.1.15.RELEASE]
	at org.apache.catalina.core.ApplicationFilterChain.internalDoFilter(ApplicationFilterChain.java:193) [tomcat-embed-core-9.0.34.jar:9.0.34]
	at org.apache.catalina.core.ApplicationFilterChain.doFilter(ApplicationFilterChain.java:166) [tomcat-embed-core-9.0.34.jar:9.0.34]
	at org.springframework.web.filter.CharacterEncodingFilter.doFilterInternal(CharacterEncodingFilter.java:201) [spring-web-5.1.15.RELEASE.jar:5.1.15.RELEASE]
	at org.springframework.web.filter.OncePerRequestFilter.doFilter(OncePerRequestFilter.java:119) [spring-web-5.1.15.RELEASE.jar:5.1.15.RELEASE]
	at org.apache.catalina.core.ApplicationFilterChain.internalDoFilter(ApplicationFilterChain.java:193) [tomcat-embed-core-9.0.34.jar:9.0.34]
	at org.apache.catalina.core.ApplicationFilterChain.doFilter(ApplicationFilterChain.java:166) [tomcat-embed-core-9.0.34.jar:9.0.34]
	at org.apache.catalina.core.StandardWrapperValve.invoke(StandardWrapperValve.java:202) [tomcat-embed-core-9.0.34.jar:9.0.34]
	at org.apache.catalina.core.StandardContextValve.invoke(StandardContextValve.java:96) [tomcat-embed-core-9.0.34.jar:9.0.34]
	at org.apache.catalina.authenticator.AuthenticatorBase.invoke(AuthenticatorBase.java:541) [tomcat-embed-core-9.0.34.jar:9.0.34]
	at org.apache.catalina.core.StandardHostValve.invoke(StandardHostValve.java:139) [tomcat-embed-core-9.0.34.jar:9.0.34]
	at org.apache.catalina.valves.ErrorReportValve.invoke(ErrorReportValve.java:92) [tomcat-embed-core-9.0.34.jar:9.0.34]
	at org.apache.catalina.core.StandardEngineValve.invoke(StandardEngineValve.java:74) [tomcat-embed-core-9.0.34.jar:9.0.34]
	at org.apache.catalina.connector.CoyoteAdapter.service(CoyoteAdapter.java:343) [tomcat-embed-core-9.0.34.jar:9.0.34]
	at org.apache.coyote.http11.Http11Processor.service(Http11Processor.java:373) [tomcat-embed-core-9.0.34.jar:9.0.34]
	at org.apache.coyote.AbstractProcessorLight.process(AbstractProcessorLight.java:65) [tomcat-embed-core-9.0.34.jar:9.0.34]
	at org.apache.coyote.AbstractProtocol$ConnectionHandler.process(AbstractProtocol.java:868) [tomcat-embed-core-9.0.34.jar:9.0.34]
	at org.apache.tomcat.util.net.NioEndpoint$SocketProcessor.doRun(NioEndpoint.java:1590) [tomcat-embed-core-9.0.34.jar:9.0.34]
	at org.apache.tomcat.util.net.SocketProcessorBase.run(SocketProcessorBase.java:49) [tomcat-embed-core-9.0.34.jar:9.0.34]
	at java.util.concurrent.ThreadPoolExecutor.runWorker(ThreadPoolExecutor.java:1149) [na:1.8.0_191]
	at java.util.concurrent.ThreadPoolExecutor$Worker.run(ThreadPoolExecutor.java:624) [na:1.8.0_191]
	at org.apache.tomcat.util.threads.TaskThread$WrappingRunnable.run(TaskThread.java:61) [tomcat-embed-core-9.0.34.jar:9.0.34]
	at java.lang.Thread.run(Thread.java:748) [na:1.8.0_191]

2020-05-28 23:35:40.551 DEBUG 11184 --- [http-nio-8080-exec-1] o.s.s.w.util.matcher.AndRequestMatcher   : Trying to match using Ant [pattern='/**', GET]
2020-05-28 23:35:40.552 DEBUG 11184 --- [http-nio-8080-exec-1] o.s.s.w.u.matcher.AntPathRequestMatcher  : Request '/owners' matched by universal pattern '/**'
2020-05-28 23:35:40.552 DEBUG 11184 --- [http-nio-8080-exec-1] o.s.s.w.util.matcher.AndRequestMatcher   : Trying to match using NegatedRequestMatcher [requestMatcher=Ant [pattern='/**/favicon.*']]
2020-05-28 23:35:40.552 DEBUG 11184 --- [http-nio-8080-exec-1] o.s.s.w.u.matcher.AntPathRequestMatcher  : Checking match of request : '/owners'; against '/**/favicon.*'
2020-05-28 23:35:40.552 DEBUG 11184 --- [http-nio-8080-exec-1] o.s.s.w.u.matcher.NegatedRequestMatcher  : matches = true
2020-05-28 23:35:40.552 DEBUG 11184 --- [http-nio-8080-exec-1] o.s.s.w.util.matcher.AndRequestMatcher   : Trying to match using NegatedRequestMatcher [requestMatcher=MediaTypeRequestMatcher [contentNegotiationStrategy=org.springframework.web.accept.ContentNegotiationManager@402060df, matchingMediaTypes=[application/json], useEquals=false, ignoredMediaTypes=[*/*]]]
2020-05-28 23:35:40.559 DEBUG 11184 --- [http-nio-8080-exec-1] o.s.s.w.u.m.MediaTypeRequestMatcher      : httpRequestMediaTypes=[text/html, application/xhtml+xml, image/webp, image/apng, application/xml;q=0.9, application/signed-exchange;v=b3;q=0.9, */*;q=0.8]
2020-05-28 23:35:40.559 DEBUG 11184 --- [http-nio-8080-exec-1] o.s.s.w.u.m.MediaTypeRequestMatcher      : Processing text/html
2020-05-28 23:35:40.560 DEBUG 11184 --- [http-nio-8080-exec-1] o.s.s.w.u.m.MediaTypeRequestMatcher      : application/json .isCompatibleWith text/html = false
2020-05-28 23:35:40.560 DEBUG 11184 --- [http-nio-8080-exec-1] o.s.s.w.u.m.MediaTypeRequestMatcher      : Processing application/xhtml+xml
2020-05-28 23:35:40.561 DEBUG 11184 --- [http-nio-8080-exec-1] o.s.s.w.u.m.MediaTypeRequestMatcher      : application/json .isCompatibleWith application/xhtml+xml = false
2020-05-28 23:35:40.561 DEBUG 11184 --- [http-nio-8080-exec-1] o.s.s.w.u.m.MediaTypeRequestMatcher      : Processing image/webp
2020-05-28 23:35:40.561 DEBUG 11184 --- [http-nio-8080-exec-1] o.s.s.w.u.m.MediaTypeRequestMatcher      : application/json .isCompatibleWith image/webp = false
2020-05-28 23:35:40.562 DEBUG 11184 --- [http-nio-8080-exec-1] o.s.s.w.u.m.MediaTypeRequestMatcher      : Processing image/apng
2020-05-28 23:35:40.562 DEBUG 11184 --- [http-nio-8080-exec-1] o.s.s.w.u.m.MediaTypeRequestMatcher      : application/json .isCompatibleWith image/apng = false
2020-05-28 23:35:40.562 DEBUG 11184 --- [http-nio-8080-exec-1] o.s.s.w.u.m.MediaTypeRequestMatcher      : Processing application/xml;q=0.9
2020-05-28 23:35:40.562 DEBUG 11184 --- [http-nio-8080-exec-1] o.s.s.w.u.m.MediaTypeRequestMatcher      : application/json .isCompatibleWith application/xml;q=0.9 = false
2020-05-28 23:35:40.563 DEBUG 11184 --- [http-nio-8080-exec-1] o.s.s.w.u.m.MediaTypeRequestMatcher      : Processing application/signed-exchange;v=b3;q=0.9
2020-05-28 23:35:40.563 DEBUG 11184 --- [http-nio-8080-exec-1] o.s.s.w.u.m.MediaTypeRequestMatcher      : application/json .isCompatibleWith application/signed-exchange;v=b3;q=0.9 = false
2020-05-28 23:35:40.563 DEBUG 11184 --- [http-nio-8080-exec-1] o.s.s.w.u.m.MediaTypeRequestMatcher      : Processing */*;q=0.8
2020-05-28 23:35:40.563 DEBUG 11184 --- [http-nio-8080-exec-1] o.s.s.w.u.m.MediaTypeRequestMatcher      : Ignoring
2020-05-28 23:35:40.563 DEBUG 11184 --- [http-nio-8080-exec-1] o.s.s.w.u.m.MediaTypeRequestMatcher      : Did not match any media types
2020-05-28 23:35:40.563 DEBUG 11184 --- [http-nio-8080-exec-1] o.s.s.w.u.matcher.NegatedRequestMatcher  : matches = true
2020-05-28 23:35:40.563 DEBUG 11184 --- [http-nio-8080-exec-1] o.s.s.w.util.matcher.AndRequestMatcher   : Trying to match using NegatedRequestMatcher [requestMatcher=RequestHeaderRequestMatcher [expectedHeaderName=X-Requested-With, expectedHeaderValue=XMLHttpRequest]]
2020-05-28 23:35:40.563 DEBUG 11184 --- [http-nio-8080-exec-1] o.s.s.w.u.matcher.NegatedRequestMatcher  : matches = true
2020-05-28 23:35:40.563 DEBUG 11184 --- [http-nio-8080-exec-1] o.s.s.w.util.matcher.AndRequestMatcher   : All requestMatchers returned true
2020-05-28 23:35:40.578 DEBUG 11184 --- [http-nio-8080-exec-1] o.s.s.w.s.HttpSessionRequestCache        : DefaultSavedRequest added to Session: DefaultSavedRequest[http://localhost:8080/owners]
2020-05-28 23:35:40.578 DEBUG 11184 --- [http-nio-8080-exec-1] o.s.s.w.a.ExceptionTranslationFilter     : Calling Authentication entry point.
2020-05-28 23:35:40.580 DEBUG 11184 --- [http-nio-8080-exec-1] o.s.s.web.DefaultRedirectStrategy        : Redirecting to 'http://localhost:8080/login.html'
2020-05-28 23:35:40.581 DEBUG 11184 --- [http-nio-8080-exec-1] o.s.s.w.header.writers.HstsHeaderWriter  : Not injecting HSTS header since it did not match the requestMatcher org.springframework.security.web.header.writers.HstsHeaderWriter$SecureRequestMatcher@e9b0e47
2020-05-28 23:35:40.581 DEBUG 11184 --- [http-nio-8080-exec-1] w.c.HttpSessionSecurityContextRepository : SecurityContext is empty or contents are anonymous - context will not be stored in HttpSession.
2020-05-28 23:35:40.582 DEBUG 11184 --- [http-nio-8080-exec-1] s.s.w.c.SecurityContextPersistenceFilter : SecurityContextHolder now cleared, as request processing completed
2020-05-28 23:35:40.598 DEBUG 11184 --- [http-nio-8080-exec-2] o.s.s.w.u.matcher.AntPathRequestMatcher  : Checking match of request : '/login.html'; against '/hal/**'
2020-05-28 23:35:40.599 DEBUG 11184 --- [http-nio-8080-exec-2] o.s.s.w.u.matcher.AntPathRequestMatcher  : Checking match of request : '/login.html'; against '/h2-console/**'
2020-05-28 23:35:40.599 DEBUG 11184 --- [http-nio-8080-exec-2] o.s.s.w.u.matcher.AntPathRequestMatcher  : Checking match of request : '/login.html'; against '/rest/**'
2020-05-28 23:35:40.599 DEBUG 11184 --- [http-nio-8080-exec-2] o.s.security.web.FilterChainProxy        : /login.html at position 1 of 13 in additional filter chain; firing Filter: 'WebAsyncManagerIntegrationFilter'
2020-05-28 23:35:40.599 DEBUG 11184 --- [http-nio-8080-exec-2] o.s.security.web.FilterChainProxy        : /login.html at position 2 of 13 in additional filter chain; firing Filter: 'SecurityContextPersistenceFilter'
2020-05-28 23:35:40.600 DEBUG 11184 --- [http-nio-8080-exec-2] w.c.HttpSessionSecurityContextRepository : HttpSession returned null object for SPRING_SECURITY_CONTEXT
2020-05-28 23:35:40.600 DEBUG 11184 --- [http-nio-8080-exec-2] w.c.HttpSessionSecurityContextRepository : No SecurityContext was available from the HttpSession: org.apache.catalina.session.StandardSessionFacade@1f2fae52. A new one will be created.
2020-05-28 23:35:40.600 DEBUG 11184 --- [http-nio-8080-exec-2] o.s.security.web.FilterChainProxy        : /login.html at position 3 of 13 in additional filter chain; firing Filter: 'HeaderWriterFilter'
2020-05-28 23:35:40.600 DEBUG 11184 --- [http-nio-8080-exec-2] o.s.security.web.FilterChainProxy        : /login.html at position 4 of 13 in additional filter chain; firing Filter: 'CsrfFilter'
2020-05-28 23:35:40.601 DEBUG 11184 --- [http-nio-8080-exec-2] o.s.security.web.FilterChainProxy        : /login.html at position 5 of 13 in additional filter chain; firing Filter: 'LogoutFilter'
2020-05-28 23:35:40.601 DEBUG 11184 --- [http-nio-8080-exec-2] o.s.s.w.u.matcher.AntPathRequestMatcher  : Request 'GET /login.html' doesn't match 'POST /logout'
2020-05-28 23:35:40.601 DEBUG 11184 --- [http-nio-8080-exec-2] o.s.security.web.FilterChainProxy        : /login.html at position 6 of 13 in additional filter chain; firing Filter: 'UsernamePasswordAuthenticationFilter'
2020-05-28 23:35:40.601 DEBUG 11184 --- [http-nio-8080-exec-2] o.s.s.w.u.matcher.AntPathRequestMatcher  : Request 'GET /login.html' doesn't match 'POST /login'
2020-05-28 23:35:40.601 DEBUG 11184 --- [http-nio-8080-exec-2] o.s.security.web.FilterChainProxy        : /login.html at position 7 of 13 in additional filter chain; firing Filter: 'RequestCacheAwareFilter'
2020-05-28 23:35:40.601 DEBUG 11184 --- [http-nio-8080-exec-2] o.s.s.w.s.DefaultSavedRequest            : pathInfo: both null (property equals)
2020-05-28 23:35:40.601 DEBUG 11184 --- [http-nio-8080-exec-2] o.s.s.w.s.DefaultSavedRequest            : queryString: both null (property equals)
2020-05-28 23:35:40.601 DEBUG 11184 --- [http-nio-8080-exec-2] o.s.s.w.s.DefaultSavedRequest            : requestURI: arg1=/owners; arg2=/login.html (property not equals)
2020-05-28 23:35:40.601 DEBUG 11184 --- [http-nio-8080-exec-2] o.s.s.w.s.HttpSessionRequestCache        : saved request doesn't match
2020-05-28 23:35:40.601 DEBUG 11184 --- [http-nio-8080-exec-2] o.s.security.web.FilterChainProxy        : /login.html at position 8 of 13 in additional filter chain; firing Filter: 'SecurityContextHolderAwareRequestFilter'
2020-05-28 23:35:40.601 DEBUG 11184 --- [http-nio-8080-exec-2] o.s.security.web.FilterChainProxy        : /login.html at position 9 of 13 in additional filter chain; firing Filter: 'RememberMeAuthenticationFilter'
2020-05-28 23:35:40.602 DEBUG 11184 --- [http-nio-8080-exec-2] o.s.security.web.FilterChainProxy        : /login.html at position 10 of 13 in additional filter chain; firing Filter: 'AnonymousAuthenticationFilter'
2020-05-28 23:35:40.602 DEBUG 11184 --- [http-nio-8080-exec-2] o.s.s.w.a.AnonymousAuthenticationFilter  : Populated SecurityContextHolder with anonymous token: 'org.springframework.security.authentication.AnonymousAuthenticationToken@96cbdfa8: Principal: anonymousUser; Credentials: [PROTECTED]; Authenticated: true; Details: org.springframework.security.web.authentication.WebAuthenticationDetails@0: RemoteIpAddress: 0:0:0:0:0:0:0:1; SessionId: ED02BB6C71DA7A3E8A2588BA00BA4413; Granted Authorities: ROLE_ANONYMOUS'
2020-05-28 23:35:40.602 DEBUG 11184 --- [http-nio-8080-exec-2] o.s.security.web.FilterChainProxy        : /login.html at position 11 of 13 in additional filter chain; firing Filter: 'SessionManagementFilter'
2020-05-28 23:35:40.602 DEBUG 11184 --- [http-nio-8080-exec-2] o.s.security.web.FilterChainProxy        : /login.html at position 12 of 13 in additional filter chain; firing Filter: 'ExceptionTranslationFilter'
2020-05-28 23:35:40.602 DEBUG 11184 --- [http-nio-8080-exec-2] o.s.security.web.FilterChainProxy        : /login.html at position 13 of 13 in additional filter chain; firing Filter: 'FilterSecurityInterceptor'
2020-05-28 23:35:40.602 DEBUG 11184 --- [http-nio-8080-exec-2] o.s.s.w.u.matcher.AntPathRequestMatcher  : Checking match of request : '/login.html'; against '/**/favicon.ico'
2020-05-28 23:35:40.602 DEBUG 11184 --- [http-nio-8080-exec-2] o.s.s.w.u.matcher.AntPathRequestMatcher  : Checking match of request : '/login.html'; against '/css/**'
2020-05-28 23:35:40.602 DEBUG 11184 --- [http-nio-8080-exec-2] o.s.s.w.u.matcher.AntPathRequestMatcher  : Checking match of request : '/login.html'; against '/js/**'
2020-05-28 23:35:40.602 DEBUG 11184 --- [http-nio-8080-exec-2] o.s.s.w.u.matcher.AntPathRequestMatcher  : Checking match of request : '/login.html'; against '/images/**'
2020-05-28 23:35:40.602 DEBUG 11184 --- [http-nio-8080-exec-2] o.s.s.w.u.matcher.AntPathRequestMatcher  : Checking match of request : '/login.html'; against '/webjars/**'
2020-05-28 23:35:40.602 DEBUG 11184 --- [http-nio-8080-exec-2] o.s.s.w.u.matcher.AntPathRequestMatcher  : Checking match of request : '/login.html'; against '/login.html'
2020-05-28 23:35:40.602 DEBUG 11184 --- [http-nio-8080-exec-2] o.s.s.w.a.i.FilterSecurityInterceptor    : Secure object: FilterInvocation: URL: /login.html; Attributes: [permitAll]
2020-05-28 23:35:40.603 DEBUG 11184 --- [http-nio-8080-exec-2] o.s.s.w.a.i.FilterSecurityInterceptor    : Previously Authenticated: org.springframework.security.authentication.AnonymousAuthenticationToken@96cbdfa8: Principal: anonymousUser; Credentials: [PROTECTED]; Authenticated: true; Details: org.springframework.security.web.authentication.WebAuthenticationDetails@0: RemoteIpAddress: 0:0:0:0:0:0:0:1; SessionId: ED02BB6C71DA7A3E8A2588BA00BA4413; Granted Authorities: ROLE_ANONYMOUS
2020-05-28 23:35:40.605 DEBUG 11184 --- [http-nio-8080-exec-2] o.s.s.access.vote.AffirmativeBased       : Voter: org.springframework.security.web.access.expression.WebExpressionVoter@78b6d803, returned: 1
2020-05-28 23:35:40.605 DEBUG 11184 --- [http-nio-8080-exec-2] o.s.s.w.a.i.FilterSecurityInterceptor    : Authorization successful
2020-05-28 23:35:40.605 DEBUG 11184 --- [http-nio-8080-exec-2] o.s.s.w.a.i.FilterSecurityInterceptor    : RunAsManager did not change Authentication object
2020-05-28 23:35:40.606 DEBUG 11184 --- [http-nio-8080-exec-2] o.s.security.web.FilterChainProxy        : /login.html reached end of additional filter chain; proceeding with original chain
2020-05-28 23:35:40.615 DEBUG 11184 --- [http-nio-8080-exec-2] o.s.web.servlet.DispatcherServlet        : GET "/login.html", parameters={}
2020-05-28 23:35:40.624 DEBUG 11184 --- [http-nio-8080-exec-2] s.w.s.m.m.a.RequestMappingHandlerMapping : Mapped to public org.springframework.web.servlet.ModelAndView com.javaegitimleri.petclinic.web.PetClinicController.login()
2020-05-28 23:35:40.667 DEBUG 11184 --- [http-nio-8080-exec-2] o.s.w.s.v.ContentNegotiatingViewResolver : Selected 'text/html' given [text/html]
2020-05-28 23:35:40.667 DEBUG 11184 --- [http-nio-8080-exec-2] o.s.web.servlet.view.JstlView            : View name 'login', model {}
2020-05-28 23:35:40.676 DEBUG 11184 --- [http-nio-8080-exec-2] o.s.web.servlet.view.JstlView            : Forwarding to [/WEB-INF/jsp/login.jsp]
2020-05-28 23:35:41.835 DEBUG 11184 --- [http-nio-8080-exec-2] o.s.s.w.header.writers.HstsHeaderWriter  : Not injecting HSTS header since it did not match the requestMatcher org.springframework.security.web.header.writers.HstsHeaderWriter$SecureRequestMatcher@e9b0e47
2020-05-28 23:35:41.852 DEBUG 11184 --- [http-nio-8080-exec-2] w.c.HttpSessionSecurityContextRepository : SecurityContext is empty or contents are anonymous - context will not be stored in HttpSession.
2020-05-28 23:35:41.855 DEBUG 11184 --- [http-nio-8080-exec-2] o.s.web.servlet.DispatcherServlet        : Completed 200 OK
2020-05-28 23:35:41.865 DEBUG 11184 --- [http-nio-8080-exec-2] o.s.s.w.a.ExceptionTranslationFilter     : Chain processed normally
2020-05-28 23:35:41.865 DEBUG 11184 --- [http-nio-8080-exec-2] s.s.w.c.SecurityContextPersistenceFilter : SecurityContextHolder now cleared, as request processing completed
2020-05-28 23:39:21.890  INFO 11884 --- [main] c.j.petclinic.PetClinicIntegrationTests  : Starting PetClinicIntegrationTests on TCNTSCONS0026 with PID 11884 (started by EXT02D17073 in C:\Documents and Settings\EXT02D17073\Documents\workspace-spring-tool-suite-4-4.6.0.RELEASE\petclinic)
2020-05-28 23:39:21.893  INFO 11884 --- [main] c.j.petclinic.PetClinicIntegrationTests  : No active profile set, falling back to default profiles: default
2020-05-28 23:39:22.072 DEBUG 11884 --- [main] o.s.w.c.s.GenericWebApplicationContext   : Refreshing org.springframework.web.context.support.GenericWebApplicationContext@7fd7a283
2020-05-28 23:39:25.589  INFO 11884 --- [main] .s.d.r.c.RepositoryConfigurationDelegate : Bootstrapping Spring Data JPA repositories in DEFAULT mode.
2020-05-28 23:39:25.833  INFO 11884 --- [main] .s.d.r.c.RepositoryConfigurationDelegate : Finished Spring Data repository scanning in 232ms. Found 1 JPA repository interfaces.
2020-05-28 23:39:27.338  INFO 11884 --- [main] trationDelegate$BeanPostProcessorChecker : Bean 'org.springframework.security.access.expression.method.DefaultMethodSecurityExpressionHandler@4ed4a7e4' of type [org.springframework.security.access.expression.method.DefaultMethodSecurityExpressionHandler] is not eligible for getting processed by all BeanPostProcessors (for example: not eligible for auto-proxying)
2020-05-28 23:39:27.401  INFO 11884 --- [main] trationDelegate$BeanPostProcessorChecker : Bean 'methodSecurityMetadataSource' of type [org.springframework.security.access.method.DelegatingMethodSecurityMetadataSource] is not eligible for getting processed by all BeanPostProcessors (for example: not eligible for auto-proxying)
2020-05-28 23:39:27.431  INFO 11884 --- [main] trationDelegate$BeanPostProcessorChecker : Bean 'org.springframework.hateoas.config.HateoasConfiguration' of type [org.springframework.hateoas.config.HateoasConfiguration$$EnhancerBySpringCGLIB$$616764d] is not eligible for getting processed by all BeanPostProcessors (for example: not eligible for auto-proxying)
2020-05-28 23:39:27.710 DEBUG 11884 --- [main] o.s.jdbc.datasource.DataSourceUtils      : Fetching JDBC Connection from DataSource
2020-05-28 23:39:27.712  INFO 11884 --- [main] com.zaxxer.hikari.HikariDataSource       : HikariPool-1 - Starting...
2020-05-28 23:39:28.096  INFO 11884 --- [main] com.zaxxer.hikari.HikariDataSource       : HikariPool-1 - Start completed.
2020-05-28 23:39:28.116 DEBUG 11884 --- [main] o.s.jdbc.datasource.DataSourceUtils      : Fetching JDBC Connection from DataSource
2020-05-28 23:39:28.119 DEBUG 11884 --- [main] o.s.jdbc.datasource.init.ScriptUtils     : Executing SQL script from URL [file:/C:/Documents%20and%20Settings/EXT02D17073/Documents/workspace-spring-tool-suite-4-4.6.0.RELEASE/petclinic/target/classes/schema.sql]
2020-05-28 23:39:28.139 DEBUG 11884 --- [main] o.s.jdbc.datasource.init.ScriptUtils     : 0 returned as update count for SQL: create table users ( username varchar(128) not null primary key, password varchar(512) not null, enabled boolean not null )
2020-05-28 23:39:28.140 DEBUG 11884 --- [main] o.s.jdbc.datasource.init.ScriptUtils     : 0 returned as update count for SQL: create table authorities( username varchar(128) not null , authority varchar(128) not null )
2020-05-28 23:39:28.142 DEBUG 11884 --- [main] o.s.jdbc.datasource.init.ScriptUtils     : 0 returned as update count for SQL: create unique index idx_auth_username on authorities(username,authority)
2020-05-28 23:39:28.143 DEBUG 11884 --- [main] o.s.jdbc.datasource.init.ScriptUtils     : 0 returned as update count for SQL: create table public.t_owner( id bigint not null, first_name varchar(255) not null, last_name varchar(255) not null )
2020-05-28 23:39:28.143 DEBUG 11884 --- [main] o.s.jdbc.datasource.init.ScriptUtils     : 0 returned as update count for SQL: alter table public.t_owner add constraint public.constraint_1 primary key(id)
2020-05-28 23:39:28.144 DEBUG 11884 --- [main] o.s.jdbc.datasource.init.ScriptUtils     : 0 returned as update count for SQL: create table public.t_pet( id bigint not null, name varchar(255), birth_date date, owner_id bigint )
2020-05-28 23:39:28.145 DEBUG 11884 --- [main] o.s.jdbc.datasource.init.ScriptUtils     : 0 returned as update count for SQL: alter table public.t_pet add constraint public.constrain_2 primary key (id)
2020-05-28 23:39:28.145 DEBUG 11884 --- [main] o.s.jdbc.datasource.init.ScriptUtils     : 0 returned as update count for SQL: create table public.t_vet( id bigint not null, first_name varchar(255) not null, last_name varchar(255) not null )
2020-05-28 23:39:28.146 DEBUG 11884 --- [main] o.s.jdbc.datasource.init.ScriptUtils     : 0 returned as update count for SQL: alter table public.t_vet add constraint public.constraint_11 primary key(id)
2020-05-28 23:39:28.169 DEBUG 11884 --- [main] o.s.jdbc.datasource.init.ScriptUtils     : 0 returned as update count for SQL: alter table public.t_pet add constraint public.constrain_3 foreign key (owner_id) references public.t_owner(id)
2020-05-28 23:39:28.172 DEBUG 11884 --- [main] o.s.jdbc.datasource.init.ScriptUtils     : 0 returned as update count for SQL: create sequence public.petclinic_sequence start with 100
2020-05-28 23:39:28.172 DEBUG 11884 --- [main] o.s.jdbc.datasource.init.ScriptUtils     : Executed SQL script from URL [file:/C:/Documents%20and%20Settings/EXT02D17073/Documents/workspace-spring-tool-suite-4-4.6.0.RELEASE/petclinic/target/classes/schema.sql] in 52 ms.
2020-05-28 23:39:28.185 DEBUG 11884 --- [main] o.s.jdbc.datasource.DataSourceUtils      : Fetching JDBC Connection from DataSource
2020-05-28 23:39:28.185 DEBUG 11884 --- [main] o.s.jdbc.datasource.DataSourceUtils      : Fetching JDBC Connection from DataSource
2020-05-28 23:39:28.186 DEBUG 11884 --- [main] o.s.jdbc.datasource.init.ScriptUtils     : Executing SQL script from URL [file:/C:/Documents%20and%20Settings/EXT02D17073/Documents/workspace-spring-tool-suite-4-4.6.0.RELEASE/petclinic/target/classes/data.sql]
2020-05-28 23:39:28.196 DEBUG 11884 --- [main] o.s.jdbc.datasource.init.ScriptUtils     : 1 returned as update count for SQL: insert into users values ('user1','{bcrypt}$2a$10$gmNIjZbJKSsBcX3kbc0Izudn7JY9tFmKeeBBJ6OSey.WvmPGkxYRm',true)
2020-05-28 23:39:28.197 DEBUG 11884 --- [main] o.s.jdbc.datasource.init.ScriptUtils     : 1 returned as update count for SQL: insert into users values ('user2','{bcrypt}$2a$10$5UERb4FzhGKY2wkXNR3zNu62GQ6tcjdCsVMdQSSyeeodeyOKrcida',true)
2020-05-28 23:39:28.198 DEBUG 11884 --- [main] o.s.jdbc.datasource.init.ScriptUtils     : 1 returned as update count for SQL: insert into users values ('user3','{bcrypt}$2a$10$3kkCLgYB8/bVhkmAT.e8bO1tTHE.btcUg/oreu9r8.oEa8QhZWLoK',true)
2020-05-28 23:39:28.199 DEBUG 11884 --- [main] o.s.jdbc.datasource.init.ScriptUtils     : 1 returned as update count for SQL: insert into authorities values ('user1','ROLE_USER')
2020-05-28 23:39:28.200 DEBUG 11884 --- [main] o.s.jdbc.datasource.init.ScriptUtils     : 1 returned as update count for SQL: insert into authorities values ('user2','ROLE_USER')
2020-05-28 23:39:28.203 DEBUG 11884 --- [main] o.s.jdbc.datasource.init.ScriptUtils     : 1 returned as update count for SQL: insert into authorities values ('user2','ROLE_EDITOR')
2020-05-28 23:39:28.204 DEBUG 11884 --- [main] o.s.jdbc.datasource.init.ScriptUtils     : 1 returned as update count for SQL: insert into authorities values ('user3','ROLE_USER')
2020-05-28 23:39:28.206 DEBUG 11884 --- [main] o.s.jdbc.datasource.init.ScriptUtils     : 1 returned as update count for SQL: insert into authorities values ('user3','ROLE_EDITOR')
2020-05-28 23:39:28.207 DEBUG 11884 --- [main] o.s.jdbc.datasource.init.ScriptUtils     : 1 returned as update count for SQL: insert into authorities values ('user3','ROLE_ADMIN')
2020-05-28 23:39:28.208 DEBUG 11884 --- [main] o.s.jdbc.datasource.init.ScriptUtils     : 1 returned as update count for SQL: insert into t_owner(id,first_name,last_name) values (1,'Ahmet','Gürbüz')
2020-05-28 23:39:28.209 DEBUG 11884 --- [main] o.s.jdbc.datasource.init.ScriptUtils     : 1 returned as update count for SQL: INSERT INTO t_owner (id,first_name,last_name) VALUES (2, 'Beşir', 'Dal')
2020-05-28 23:39:28.210 DEBUG 11884 --- [main] o.s.jdbc.datasource.init.ScriptUtils     : 1 returned as update count for SQL: INSERT INTO t_owner (id,first_name,last_name) VALUES (3, 'Eda', 'Rize')
2020-05-28 23:39:28.211 DEBUG 11884 --- [main] o.s.jdbc.datasource.init.ScriptUtils     : 1 returned as update count for SQL: INSERT INTO t_owner (id,first_name,last_name) VALUES (4, 'Hadi', 'Duru')
2020-05-28 23:39:28.212 DEBUG 11884 --- [main] o.s.jdbc.datasource.init.ScriptUtils     : 1 returned as update count for SQL: INSERT INTO t_owner (id,first_name,last_name) VALUES (5, 'Pınar', 'Mus')
2020-05-28 23:39:28.213 DEBUG 11884 --- [main] o.s.jdbc.datasource.init.ScriptUtils     : 1 returned as update count for SQL: INSERT INTO t_owner (id,first_name,last_name) VALUES (6, 'Çiğdem', 'Su')
2020-05-28 23:39:28.214 DEBUG 11884 --- [main] o.s.jdbc.datasource.init.ScriptUtils     : 1 returned as update count for SQL: INSERT INTO t_owner (id,first_name,last_name) VALUES (7, 'Aslı', 'Zor')
2020-05-28 23:39:28.217 DEBUG 11884 --- [main] o.s.jdbc.datasource.init.ScriptUtils     : 1 returned as update count for SQL: INSERT INTO t_owner (id,first_name,last_name) VALUES (8, 'Murat', 'Eski')
2020-05-28 23:39:28.217 DEBUG 11884 --- [main] o.s.jdbc.datasource.init.ScriptUtils     : 1 returned as update count for SQL: INSERT INTO t_owner (id,first_name,last_name) VALUES (9, 'Davut', 'Saz')
2020-05-28 23:39:28.220 DEBUG 11884 --- [main] o.s.jdbc.datasource.init.ScriptUtils     : 1 returned as update count for SQL: INSERT INTO t_owner (id,first_name,last_name) VALUES (10, 'Kadir', 'Mutlu')
2020-05-28 23:39:28.221 DEBUG 11884 --- [main] o.s.jdbc.datasource.init.ScriptUtils     : 1 returned as update count for SQL: INSERT INTO t_vet (id,first_name,last_name) VALUES (11, 'Elif', 'Taş')
2020-05-28 23:39:28.222 DEBUG 11884 --- [main] o.s.jdbc.datasource.init.ScriptUtils     : 1 returned as update count for SQL: INSERT INTO t_vet (id,first_name,last_name) VALUES (12, 'Gülbahar', 'Taş')
2020-05-28 23:39:28.223 DEBUG 11884 --- [main] o.s.jdbc.datasource.init.ScriptUtils     : 1 returned as update count for SQL: INSERT INTO t_vet (id,first_name,last_name) VALUES (13, 'Zahit', 'Güney')
2020-05-28 23:39:28.227 DEBUG 11884 --- [main] o.s.jdbc.datasource.init.ScriptUtils     : 1 returned as update count for SQL: insert into t_pet(id,name,birth_date,owner_id) values (1,'Dave','2015-01-05',1)
2020-05-28 23:39:28.230 DEBUG 11884 --- [main] o.s.jdbc.datasource.init.ScriptUtils     : 1 returned as update count for SQL: INSERT INTO t_pet (id,name,birth_date,owner_id) VALUES (2, 'Donetello', '2008-08-06', 1)
2020-05-28 23:39:28.231 DEBUG 11884 --- [main] o.s.jdbc.datasource.init.ScriptUtils     : 1 returned as update count for SQL: INSERT INTO t_pet (id,name,birth_date,owner_id) VALUES (3, 'Karabaş', '2001-04-17', 1)
2020-05-28 23:39:28.232 DEBUG 11884 --- [main] o.s.jdbc.datasource.init.ScriptUtils     : 1 returned as update count for SQL: INSERT INTO t_pet (id,name,birth_date,owner_id) VALUES (4, 'Joe', '2009-03-07', 2)
2020-05-28 23:39:28.234 DEBUG 11884 --- [main] o.s.jdbc.datasource.init.ScriptUtils     : 1 returned as update count for SQL: INSERT INTO t_pet (id,name,birth_date,owner_id) VALUES (5, 'Canavar', '2010-11-30', 2)
2020-05-28 23:39:28.239 DEBUG 11884 --- [main] o.s.jdbc.datasource.init.ScriptUtils     : 1 returned as update count for SQL: INSERT INTO t_pet (id,name,birth_date,owner_id) VALUES (6, 'Tatlım', '2010-01-20', 3)
2020-05-28 23:39:28.240 DEBUG 11884 --- [main] o.s.jdbc.datasource.init.ScriptUtils     : 1 returned as update count for SQL: INSERT INTO t_pet (id,name,birth_date,owner_id) VALUES (7, 'Samanta', '2008-09-04', 5)
2020-05-28 23:39:28.241 DEBUG 11884 --- [main] o.s.jdbc.datasource.init.ScriptUtils     : 1 returned as update count for SQL: INSERT INTO t_pet (id,name,birth_date,owner_id) VALUES (8, 'Boncuk', '2008-09-04', 5)
2020-05-28 23:39:28.242 DEBUG 11884 --- [main] o.s.jdbc.datasource.init.ScriptUtils     : 1 returned as update count for SQL: INSERT INTO t_pet (id,name,birth_date,owner_id) VALUES (9, 'Şanslı', '2007-08-06', 5)
2020-05-28 23:39:28.244 DEBUG 11884 --- [main] o.s.jdbc.datasource.init.ScriptUtils     : 1 returned as update count for SQL: INSERT INTO t_pet (id,name,birth_date,owner_id) VALUES (10, 'Karaburun', '2009-02-24', 6)
2020-05-28 23:39:28.245 DEBUG 11884 --- [main] o.s.jdbc.datasource.init.ScriptUtils     : 1 returned as update count for SQL: INSERT INTO t_pet (id,name,birth_date,owner_id) VALUES (11, 'Twetty', '2000-03-09', 7)
2020-05-28 23:39:28.246 DEBUG 11884 --- [main] o.s.jdbc.datasource.init.ScriptUtils     : 1 returned as update count for SQL: INSERT INTO t_pet (id,name,birth_date,owner_id) VALUES (12, 'Tarçın', '2000-06-24', 8)
2020-05-28 23:39:28.247 DEBUG 11884 --- [main] o.s.jdbc.datasource.init.ScriptUtils     : 1 returned as update count for SQL: INSERT INTO t_pet (id,name,birth_date,owner_id) VALUES (13, 'Sarı', '2002-06-08', 9)
2020-05-28 23:39:28.248 DEBUG 11884 --- [main] o.s.jdbc.datasource.init.ScriptUtils     : Executed SQL script from URL [file:/C:/Documents%20and%20Settings/EXT02D17073/Documents/workspace-spring-tool-suite-4-4.6.0.RELEASE/petclinic/target/classes/data.sql] in 62 ms.
2020-05-28 23:39:28.606 DEBUG 11884 --- [main] o.s.jdbc.datasource.DataSourceUtils      : Fetching JDBC Connection from DataSource
2020-05-28 23:39:28.777  INFO 11884 --- [main] o.hibernate.jpa.internal.util.LogHelper  : HHH000204: Processing PersistenceUnitInfo [
	name: default
	...]
2020-05-28 23:39:28.992  INFO 11884 --- [main] org.hibernate.Version                    : HHH000412: Hibernate Core {5.3.17.Final}
2020-05-28 23:39:28.997  INFO 11884 --- [main] org.hibernate.cfg.Environment            : HHH000206: hibernate.properties not found
2020-05-28 23:39:29.438  INFO 11884 --- [main] o.hibernate.annotations.common.Version   : HCANN000001: Hibernate Commons Annotations {5.0.4.Final}
2020-05-28 23:39:30.460  INFO 11884 --- [main] org.hibernate.dialect.Dialect            : HHH000400: Using dialect: org.hibernate.dialect.H2Dialect
2020-05-28 23:39:32.138  INFO 11884 --- [main] j.LocalContainerEntityManagerFactoryBean : Initialized JPA EntityManagerFactory for persistence unit 'default'
2020-05-28 23:39:34.659 DEBUG 11884 --- [main] m.DelegatingMethodSecurityMetadataSource : Caching method [CacheKey[com.javaegitimleri.petclinic.service.PetClinicServiceImpl; public java.util.List com.javaegitimleri.petclinic.service.PetClinicServiceImpl.findOwners()]] with attributes [ROLE_USER, ROLE_EDITOR]
2020-05-28 23:39:34.708 DEBUG 11884 --- [main] o.s.s.a.i.a.MethodSecurityInterceptor    : Validated configuration attributes
2020-05-28 23:39:36.018 DEBUG 11884 --- [main] o.s.w.s.handler.SimpleUrlHandlerMapping  : Patterns [/**/favicon.ico] in 'faviconHandlerMapping'
2020-05-28 23:39:36.404  INFO 11884 --- [main] o.s.s.concurrent.ThreadPoolTaskExecutor  : Initializing ExecutorService 'applicationTaskExecutor'
2020-05-28 23:39:36.462 DEBUG 11884 --- [main] s.w.s.m.m.a.RequestMappingHandlerAdapter : ControllerAdvice beans: 0 @ModelAttribute, 0 @InitBinder, 1 RequestBodyAdvice, 1 ResponseBodyAdvice
2020-05-28 23:39:36.589  WARN 11884 --- [main] aWebConfiguration$JpaWebMvcConfiguration : spring.jpa.open-in-view is enabled by default. Therefore, database queries may be performed during view rendering. Explicitly configure spring.jpa.open-in-view to disable this warning
2020-05-28 23:39:36.686 DEBUG 11884 --- [main] s.w.s.m.m.a.RequestMappingHandlerMapping : 23 mappings in 'requestMappingHandlerMapping'
2020-05-28 23:39:36.706  INFO 11884 --- [main] o.s.b.a.w.s.WelcomePageHandlerMapping    : Adding welcome page template: index
2020-05-28 23:39:36.787 DEBUG 11884 --- [main] o.s.w.s.handler.SimpleUrlHandlerMapping  : Patterns [/webjars/**, /**, /hal/browser/**] in 'resourceHandlerMapping'
2020-05-28 23:39:36.808 DEBUG 11884 --- [main] .m.m.a.ExceptionHandlerExceptionResolver : ControllerAdvice beans: 1 @ExceptionHandler, 1 ResponseBodyAdvice
2020-05-28 23:39:38.397 DEBUG 11884 --- [main] eGlobalAuthenticationAutowiredConfigurer : Eagerly initializing {securityConfiguration=com.javaegitimleri.petclinic.SecurityConfiguration$$EnhancerBySpringCGLIB$$7c0b2911@2430cf17, org.springframework.boot.autoconfigure.security.servlet.WebSecurityEnablerConfiguration=org.springframework.boot.autoconfigure.security.servlet.WebSecurityEnablerConfiguration$$EnhancerBySpringCGLIB$$a4255350@36885319}
2020-05-28 23:39:38.788 DEBUG 11884 --- [main] edFilterInvocationSecurityMetadataSource : Adding web access control expression 'permitAll', for any request
2020-05-28 23:39:38.804 DEBUG 11884 --- [main] o.s.s.w.a.i.FilterSecurityInterceptor    : Validated configuration attributes
2020-05-28 23:39:38.835 DEBUG 11884 --- [main] o.s.s.w.a.i.FilterSecurityInterceptor    : Validated configuration attributes
2020-05-28 23:39:38.850  INFO 11884 --- [main] o.s.s.web.DefaultSecurityFilterChain     : Creating filter chain: Ant [pattern='/hal/**'], [org.springframework.security.web.context.request.async.WebAsyncManagerIntegrationFilter@48d464cf, org.springframework.security.web.context.SecurityContextPersistenceFilter@25e8a111, org.springframework.security.web.header.HeaderWriterFilter@6ad26381, org.springframework.security.web.authentication.logout.LogoutFilter@44dcc0e4, org.springframework.security.web.savedrequest.RequestCacheAwareFilter@353422fd, org.springframework.security.web.servletapi.SecurityContextHolderAwareRequestFilter@21780905, org.springframework.security.web.authentication.AnonymousAuthenticationFilter@1e14b269, org.springframework.security.web.session.SessionManagementFilter@f5167f0, org.springframework.security.web.access.ExceptionTranslationFilter@364c93e6, org.springframework.security.web.access.intercept.FilterSecurityInterceptor@43f7f48d]
2020-05-28 23:39:38.850 DEBUG 11884 --- [main] edFilterInvocationSecurityMetadataSource : Adding web access control expression 'permitAll', for any request
2020-05-28 23:39:38.850 DEBUG 11884 --- [main] o.s.s.w.a.i.FilterSecurityInterceptor    : Validated configuration attributes
2020-05-28 23:39:38.866 DEBUG 11884 --- [main] o.s.s.w.a.i.FilterSecurityInterceptor    : Validated configuration attributes
2020-05-28 23:39:38.866  INFO 11884 --- [main] o.s.s.web.DefaultSecurityFilterChain     : Creating filter chain: Ant [pattern='/h2-console/**'], [org.springframework.security.web.context.request.async.WebAsyncManagerIntegrationFilter@6167c42f, org.springframework.security.web.context.SecurityContextPersistenceFilter@21f479cd, org.springframework.security.web.header.HeaderWriterFilter@5a3be84, org.springframework.security.web.authentication.logout.LogoutFilter@464d60fb, org.springframework.security.web.savedrequest.RequestCacheAwareFilter@102fd71d, org.springframework.security.web.servletapi.SecurityContextHolderAwareRequestFilter@8e00c02, org.springframework.security.web.authentication.AnonymousAuthenticationFilter@2cbc2db2, org.springframework.security.web.session.SessionManagementFilter@4850d66b, org.springframework.security.web.access.ExceptionTranslationFilter@4cefa0be, org.springframework.security.web.access.intercept.FilterSecurityInterceptor@fe38c0e]
2020-05-28 23:39:38.882 DEBUG 11884 --- [main] edFilterInvocationSecurityMetadataSource : Adding web access control expression 'hasRole('EDITOR')', for Ant [pattern='/rest/**']
2020-05-28 23:39:38.882 DEBUG 11884 --- [main] o.s.s.w.a.i.FilterSecurityInterceptor    : Validated configuration attributes
2020-05-28 23:39:38.882 DEBUG 11884 --- [main] o.s.s.w.a.i.FilterSecurityInterceptor    : Validated configuration attributes
2020-05-28 23:39:38.897  INFO 11884 --- [main] o.s.s.web.DefaultSecurityFilterChain     : Creating filter chain: Ant [pattern='/rest/**'], [org.springframework.security.web.context.request.async.WebAsyncManagerIntegrationFilter@7146c6ea, org.springframework.security.web.context.SecurityContextPersistenceFilter@39109603, org.springframework.security.web.header.HeaderWriterFilter@6296e4bf, org.springframework.security.web.authentication.logout.LogoutFilter@6065bcb7, org.springframework.security.web.authentication.www.BasicAuthenticationFilter@1bbc1b90, org.springframework.security.web.savedrequest.RequestCacheAwareFilter@4d3990a5, org.springframework.security.web.servletapi.SecurityContextHolderAwareRequestFilter@18df26a1, org.springframework.security.web.authentication.AnonymousAuthenticationFilter@a5d23c9, org.springframework.security.web.session.SessionManagementFilter@220cda54, org.springframework.security.web.access.ExceptionTranslationFilter@2c3b0cc8, org.springframework.security.web.access.intercept.FilterSecurityInterceptor@52b30dcd]
2020-05-28 23:39:38.944 DEBUG 11884 --- [main] edFilterInvocationSecurityMetadataSource : Adding web access control expression 'permitAll', for Ant [pattern='/**/favicon.ico']
2020-05-28 23:39:38.944 DEBUG 11884 --- [main] edFilterInvocationSecurityMetadataSource : Adding web access control expression 'permitAll', for Ant [pattern='/css/**']
2020-05-28 23:39:38.960 DEBUG 11884 --- [main] edFilterInvocationSecurityMetadataSource : Adding web access control expression 'permitAll', for Ant [pattern='/js/**']
2020-05-28 23:39:38.960 DEBUG 11884 --- [main] edFilterInvocationSecurityMetadataSource : Adding web access control expression 'permitAll', for Ant [pattern='/images/**']
2020-05-28 23:39:38.975 DEBUG 11884 --- [main] edFilterInvocationSecurityMetadataSource : Adding web access control expression 'permitAll', for Ant [pattern='/webjars/**']
2020-05-28 23:39:38.975 DEBUG 11884 --- [main] edFilterInvocationSecurityMetadataSource : Adding web access control expression 'permitAll', for Ant [pattern='/login.html']
2020-05-28 23:39:38.975 DEBUG 11884 --- [main] edFilterInvocationSecurityMetadataSource : Adding web access control expression 'hasRole('ADMIN')', for Ant [pattern='/actuator/**']
2020-05-28 23:39:38.975 DEBUG 11884 --- [main] edFilterInvocationSecurityMetadataSource : Adding web access control expression 'authenticated', for any request
2020-05-28 23:39:38.975 DEBUG 11884 --- [main] o.s.s.w.a.i.FilterSecurityInterceptor    : Validated configuration attributes
2020-05-28 23:39:38.975 DEBUG 11884 --- [main] o.s.s.w.a.i.FilterSecurityInterceptor    : Validated configuration attributes
2020-05-28 23:39:39.100  INFO 11884 --- [main] o.s.s.web.DefaultSecurityFilterChain     : Creating filter chain: any request, [org.springframework.security.web.context.request.async.WebAsyncManagerIntegrationFilter@1bba9862, org.springframework.security.web.context.SecurityContextPersistenceFilter@2e40ea48, org.springframework.security.web.header.HeaderWriterFilter@65021bb4, org.springframework.security.web.csrf.CsrfFilter@1322b542, org.springframework.security.web.authentication.logout.LogoutFilter@2b4954a4, org.springframework.security.web.authentication.UsernamePasswordAuthenticationFilter@5516ee5, org.springframework.security.web.savedrequest.RequestCacheAwareFilter@5cba474f, org.springframework.security.web.servletapi.SecurityContextHolderAwareRequestFilter@291028d7, org.springframework.security.web.authentication.rememberme.RememberMeAuthenticationFilter@8f374de, org.springframework.security.web.authentication.AnonymousAuthenticationFilter@451a4187, org.springframework.security.web.session.SessionManagementFilter@630c3af3, org.springframework.security.web.access.ExceptionTranslationFilter@284b487f, org.springframework.security.web.access.intercept.FilterSecurityInterceptor@38197e82]
2020-05-28 23:39:39.839  INFO 11884 --- [main] o.s.b.a.e.web.EndpointLinksResolver      : Exposing 0 endpoint(s) beneath base path '/actuator'
2020-05-28 23:39:39.972  INFO 11884 --- [main] c.j.petclinic.PetClinicIntegrationTests  : Started PetClinicIntegrationTests in 19.737 seconds (JVM running for 23.163)
2020-05-28 23:39:40.253  INFO 11884 --- [main] o.h.h.i.QueryTranslatorFactoryInitiator  : HHH000397: Using ASTQueryTranslatorFactory
2020-05-28 23:39:40.565 DEBUG 11884 --- [Thread-3] o.s.w.c.s.GenericWebApplicationContext   : Closing org.springframework.web.context.support.GenericWebApplicationContext@7fd7a283, started on Thu May 28 23:39:22 EET 2020
2020-05-28 23:39:40.565  INFO 11884 --- [Thread-3] o.s.s.concurrent.ThreadPoolTaskExecutor  : Shutting down ExecutorService 'applicationTaskExecutor'
2020-05-28 23:39:40.581  INFO 11884 --- [Thread-3] j.LocalContainerEntityManagerFactoryBean : Closing JPA EntityManagerFactory for persistence unit 'default'
2020-05-28 23:39:40.784  WARN 11884 --- [Thread-3] o.s.b.f.support.DisposableBeanAdapter    : Invocation of destroy method failed on bean with name 'inMemoryDatabaseShutdownExecutor': org.h2.jdbc.JdbcSQLNonTransientConnectionException: Database is already closed (to disable automatic closing at VM shutdown, add ";DB_CLOSE_ON_EXIT=FALSE" to the db URL) [90121-200]
2020-05-28 23:39:40.784  INFO 11884 --- [Thread-3] com.zaxxer.hikari.HikariDataSource       : HikariPool-1 - Shutdown initiated...
2020-05-28 23:39:40.784  INFO 11884 --- [Thread-3] com.zaxxer.hikari.HikariDataSource       : HikariPool-1 - Shutdown completed.
